Synthesis report for project vicii
Generated at: Apr 15, 2025 09:34:27
Copyright (C) 2013 - 2021 Efinix Inc. All rights reserved.

### ### ### ### ### ### ### ### ### ### ### ### ### ### ###

Top-level Entity Name : top
### ### File List (begin) ### ### ###
/shared/Vivado/vicii-kawari/hdl/bus_access.v
/shared/Vivado/vicii-kawari/hdl/sprites.v
/shared/Vivado/vicii-kawari/hdl/sinewave.v
/shared/Vivado/vicii-kawari/hdl/border.v
/shared/Vivado/vicii-kawari/hdl/testpattern.v
/shared/Vivado/vicii-kawari/hdl/lightpen.v
/shared/Vivado/vicii-kawari/hdl/lumareg.v
/shared/Vivado/vicii-kawari/hdl/cycles.v
/shared/Vivado/vicii-kawari/hdl/matrix.v
/shared/Vivado/vicii-kawari/hdl/comp_sync.v
/shared/Vivado/vicii-kawari/hdl/vicii.v
/shared/Vivado/vicii-kawari/hdl/registers.v
/shared/Vivado/vicii-kawari/hdl/raster.v
/shared/Vivado/vicii-kawari/hdl/serration.v
/shared/Vivado/vicii-kawari/hdl/equalization.v
/shared/Vivado/vicii-kawari/hdl/pixel_sequencer.v
/shared/Vivado/vicii-kawari/hdl/addressgen_efinix.v
/shared/Vivado/vicii-kawari/hdl/rev_4G/top.v
/shared/Vivado/vicii-kawari/hdl/hires_pixel_sequencer.v
/shared/Vivado/vicii-kawari/hdl/hires_addressgen.v
/shared/Vivado/vicii-kawari/hdl/colorreg.v
/shared/Vivado/vicii-kawari/hdl/hires_matrix.v
/shared/Vivado/vicii-kawari/hdl/hires_vga_sync.v
/shared/Vivado/vicii-kawari/hdl/hires_dvi_sync.v
/shared/Vivado/vicii-kawari/hdl/divide.v
/shared/Vivado/vicii-kawari/hdl/videoram_efinix.v
/shared/Vivado/vicii-kawari/hdl/efinix_trion/dvi/dvi.v
/shared/Vivado/vicii-kawari/hdl/efinix_trion/dvi/serializer.v
/shared/Vivado/vicii-kawari/hdl/efinix_trion/dvi/tmds_channel.v
### ### File List (end) ### ### ###

### ### Pre-optimizations and mapping (begin) ### ### ###
"MEM|SYN-0677" : Zero initialization of uninitialized memory block 'sprite_cur_pixel1'. (/shared/Vivado/vicii-kawari/hdl/sprites.v:109)
"MEM|SYN-0677" : Zero initialization of uninitialized memory block 'sprite_cur_pixel2'. (/shared/Vivado/vicii-kawari/hdl/sprites.v:110)
"MEM|SYN-0677" : Zero initialization of uninitialized memory block 'sprite_cur_pixel3'. (/shared/Vivado/vicii-kawari/hdl/sprites.v:111)
"MEM|SYN-0677" : Zero initialization of uninitialized memory block 'sprite_cur_pixel4'. (/shared/Vivado/vicii-kawari/hdl/sprites.v:112)
"MEM|SYN-0677" : Zero initialization of uninitialized memory block 'sprite_cur_pixel5'. (/shared/Vivado/vicii-kawari/hdl/sprites.v:113)
"MEM|SYN-0677" : Zero initialization of uninitialized memory block 'sprite_cur_pixel6'. (/shared/Vivado/vicii-kawari/hdl/sprites.v:114)
"MEM|SYN-0677" : Zero initialization of uninitialized memory block 'sprite_mcbase'. (/shared/Vivado/vicii-kawari/hdl/sprites.v:117)
"MEM|SYN-0677" : Zero initialization of uninitialized memory block 'sprite_xe_ff'. (/shared/Vivado/vicii-kawari/hdl/sprites.v:118)
"MEM|SYN-0677" : Zero initialization of uninitialized memory block 'sprite_ye_ff'. (/shared/Vivado/vicii-kawari/hdl/sprites.v:119)
"MEM|SYN-0677" : Zero initialization of uninitialized memory block 'sprite_pixels_shifting'. (/shared/Vivado/vicii-kawari/hdl/sprites.v:124)
"MEM|SYN-0677" : Zero initialization of uninitialized memory block 'sprite_x_d'. (/shared/Vivado/vicii-kawari/hdl/sprites.v:130)
"MEM|SYN-0677" : Zero initialization of uninitialized memory block 'sprite_x_d2'. (/shared/Vivado/vicii-kawari/hdl/sprites.v:131)
"MEM|SYN-0677" : Zero initialization of uninitialized memory block 'char_buf'. (/shared/Vivado/vicii-kawari/hdl/bus_access.v:49)
"MEM|SYN-0677" : Zero initialization of uninitialized memory block 'ram_dual_port'. (/shared/Vivado/vicii-kawari/hdl/videoram_efinix.v:49)
"MEM|SYN-0677" : Zero initialization of uninitialized memory block 'sprite_col_d1'. (/shared/Vivado/vicii-kawari/hdl/pixel_sequencer.v:102)
"MEM|SYN-0677" : Zero initialization of uninitialized memory block 'sprite_col_d2'. (/shared/Vivado/vicii-kawari/hdl/pixel_sequencer.v:103)
"MEM|SYN-0677" : Zero initialization of uninitialized memory block 'ram_single_port'. (/shared/Vivado/vicii-kawari/hdl/hires_vga_sync.v:37)
MEM|SYN : Mapping into logic memory block "sprite_pixels_shifting" with multiple readers
"@ /shared/Vivado/vicii-kawari/hdl/sprites.v (124)" MEM|SYN : Mapping into logic memory block "sprite_x_d" with multiple readers
"@ /shared/Vivado/vicii-kawari/hdl/sprites.v (130)" MEM|SYN : Mapping into logic memory block "sprite_x_d2" with multiple readers
"@ /shared/Vivado/vicii-kawari/hdl/sprites.v (131)" MEM|SYN : Mapping into logic memory block "vic_sprites/sprite_pixels_shifting" with multiple readers
"@ /shared/Vivado/vicii-kawari/hdl/sprites.v (124)" MEM|SYN : Mapping into logic memory block "vic_sprites/sprite_x_d" with multiple readers
"@ /shared/Vivado/vicii-kawari/hdl/sprites.v (130)" MEM|SYN : Mapping into logic memory block "vic_sprites/sprite_x_d2" with multiple readers
"@ /shared/Vivado/vicii-kawari/hdl/sprites.v (131)" MEM|SYN : Mapping into logic memory block "vic_inst/vic_sprites/sprite_pixels_shifting" with multiple readers
"@ /shared/Vivado/vicii-kawari/hdl/sprites.v (124)" MEM|SYN : Mapping into logic memory block "vic_inst/vic_sprites/sprite_x_d" with multiple readers
"@ /shared/Vivado/vicii-kawari/hdl/sprites.v (130)" MEM|SYN : Mapping into logic memory block "vic_inst/vic_sprites/sprite_x_d2" with multiple readers
"@ /shared/Vivado/vicii-kawari/hdl/sprites.v (131)" "MEM|SYN-0655" : Mapping into logic memory block 'vic_inst/vic_sprites/sprite_cur_pixel1'. (/shared/Vivado/vicii-kawari/hdl/sprites.v:109)
"MEM|SYN-0655" : Mapping into logic memory block 'vic_inst/vic_sprites/sprite_cur_pixel2'. (/shared/Vivado/vicii-kawari/hdl/sprites.v:110)
"MEM|SYN-0655" : Mapping into logic memory block 'vic_inst/vic_sprites/sprite_cur_pixel3'. (/shared/Vivado/vicii-kawari/hdl/sprites.v:111)
"MEM|SYN-0655" : Mapping into logic memory block 'vic_inst/vic_sprites/sprite_cur_pixel4'. (/shared/Vivado/vicii-kawari/hdl/sprites.v:112)
"MEM|SYN-0655" : Mapping into logic memory block 'vic_inst/vic_sprites/sprite_cur_pixel5'. (/shared/Vivado/vicii-kawari/hdl/sprites.v:113)
"MEM|SYN-0655" : Mapping into logic memory block 'vic_inst/vic_sprites/sprite_cur_pixel6'. (/shared/Vivado/vicii-kawari/hdl/sprites.v:114)
"MEM|SYN-0655" : Mapping into logic memory block 'vic_inst/vic_sprites/sprite_mcbase'. (/shared/Vivado/vicii-kawari/hdl/sprites.v:117)
"MEM|SYN-0655" : Mapping into logic memory block 'vic_inst/vic_sprites/sprite_xe_ff'. (/shared/Vivado/vicii-kawari/hdl/sprites.v:118)
"MEM|SYN-0655" : Mapping into logic memory block 'vic_inst/vic_sprites/sprite_ye_ff'. (/shared/Vivado/vicii-kawari/hdl/sprites.v:119)
"MEM|SYN-0655" : Mapping into logic memory block 'vic_inst/vic_sprites/sprite_pixels_shifting'. (/shared/Vivado/vicii-kawari/hdl/sprites.v:124)
"MEM|SYN-0655" : Mapping into logic memory block 'vic_inst/vic_sprites/sprite_x_d'. (/shared/Vivado/vicii-kawari/hdl/sprites.v:130)
"MEM|SYN-0655" : Mapping into logic memory block 'vic_inst/vic_sprites/sprite_x_d2'. (/shared/Vivado/vicii-kawari/hdl/sprites.v:131)
"MEM|SYN-0655" : Mapping into logic memory block 'vic_inst/vic_pixel_sequencer/sprite_col_d1'. (/shared/Vivado/vicii-kawari/hdl/pixel_sequencer.v:102)
"MEM|SYN-0655" : Mapping into logic memory block 'vic_inst/vic_pixel_sequencer/sprite_col_d2'. (/shared/Vivado/vicii-kawari/hdl/pixel_sequencer.v:103)
FF|OPT : Flip-flop optimization by equivalence checking
@ "/shared/Vivado/vicii-kawari/hdl/addressgen_efinix.v (325)" removed instance : vic_inst/vic_addressgen/i110
@ "/shared/Vivado/vicii-kawari/hdl/addressgen_efinix.v (325)" representative instance : vic_inst/vic_addressgen/i108
FF|OPT : Flip-flop optimization by equivalence checking
@ "/shared/Vivado/vicii-kawari/hdl/registers.v (1993)" removed instance : vic_inst/vic_registers/dff_4602/i1
@ "/shared/Vivado/vicii-kawari/hdl/registers.v (1993)" representative instance : vic_inst/vic_registers/dff_4601/i1
FF|OPT : Flip-flop optimization by equivalence checking
@ "/shared/Vivado/vicii-kawari/hdl/registers.v (1993)" removed instance : vic_inst/vic_registers/dff_4602/i2
@ "/shared/Vivado/vicii-kawari/hdl/registers.v (1993)" representative instance : vic_inst/vic_registers/dff_4601/i2
FF|OPT : Flip-flop optimization by equivalence checking
@ "/shared/Vivado/vicii-kawari/hdl/registers.v (1993)" removed instance : vic_inst/vic_registers/dff_4602/i3
@ "/shared/Vivado/vicii-kawari/hdl/registers.v (1993)" representative instance : vic_inst/vic_registers/dff_4601/i3
FF|OPT : Flip-flop optimization by equivalence checking
@ "/shared/Vivado/vicii-kawari/hdl/registers.v (1993)" removed instance : vic_inst/vic_registers/dff_4602/i4
@ "/shared/Vivado/vicii-kawari/hdl/registers.v (1993)" representative instance : vic_inst/vic_registers/dff_4601/i4
FF|OPT : Flip-flop optimization by equivalence checking
@ "/shared/Vivado/vicii-kawari/hdl/registers.v (1993)" removed instance : vic_inst/vic_registers/dff_4602/i5
@ "/shared/Vivado/vicii-kawari/hdl/registers.v (1993)" representative instance : vic_inst/vic_registers/dff_4601/i5
FF|OPT : Flip-flop optimization by equivalence checking
@ "/shared/Vivado/vicii-kawari/hdl/registers.v (1993)" removed instance : vic_inst/vic_registers/dff_4602/i6
@ "/shared/Vivado/vicii-kawari/hdl/registers.v (1993)" representative instance : vic_inst/vic_registers/dff_4601/i6
FF|OPT : Flip-flop optimization by equivalence checking
@ "/shared/Vivado/vicii-kawari/hdl/registers.v (1993)" removed instance : vic_inst/vic_registers/dff_4602/i7
@ "/shared/Vivado/vicii-kawari/hdl/registers.v (1993)" representative instance : vic_inst/vic_registers/dff_4601/i7
FF|OPT : Flip-flop optimization by equivalence checking
@ "/shared/Vivado/vicii-kawari/hdl/registers.v (1993)" removed instance : vic_inst/vic_registers/dff_4602/i8
@ "/shared/Vivado/vicii-kawari/hdl/registers.v (1993)" representative instance : vic_inst/vic_registers/dff_4601/i8
FF|OPT : Flip-flop optimization by equivalence checking
@ "/shared/Vivado/vicii-kawari/hdl/registers.v (1993)" removed instance : vic_inst/vic_registers/dff_4602/i9
@ "/shared/Vivado/vicii-kawari/hdl/registers.v (1993)" representative instance : vic_inst/vic_registers/dff_4601/i9
FF|OPT : Flip-flop optimization by equivalence checking
@ "/shared/Vivado/vicii-kawari/hdl/registers.v (1993)" removed instance : vic_inst/vic_registers/dff_4602/i10
@ "/shared/Vivado/vicii-kawari/hdl/registers.v (1993)" representative instance : vic_inst/vic_registers/dff_4601/i10
FF|OPT : Flip-flop optimization by equivalence checking
@ "/shared/Vivado/vicii-kawari/hdl/registers.v (1993)" removed instance : vic_inst/vic_registers/dff_4602/i11
@ "/shared/Vivado/vicii-kawari/hdl/registers.v (1993)" representative instance : vic_inst/vic_registers/dff_4601/i11
FF|OPT : Flip-flop optimization by equivalence checking
@ "/shared/Vivado/vicii-kawari/hdl/registers.v (1993)" removed instance : vic_inst/vic_registers/dff_4602/i12
@ "/shared/Vivado/vicii-kawari/hdl/registers.v (1993)" representative instance : vic_inst/vic_registers/dff_4601/i12
FF|OPT : Flip-flop optimization by equivalence checking
@ "/shared/Vivado/vicii-kawari/hdl/registers.v (1993)" removed instance : vic_inst/vic_registers/dff_4602/i13
@ "/shared/Vivado/vicii-kawari/hdl/registers.v (1993)" representative instance : vic_inst/vic_registers/dff_4601/i13
FF|OPT : Flip-flop optimization by equivalence checking
@ "/shared/Vivado/vicii-kawari/hdl/registers.v (1993)" removed instance : vic_inst/vic_registers/dff_4602/i14
@ "/shared/Vivado/vicii-kawari/hdl/registers.v (1993)" representative instance : vic_inst/vic_registers/dff_4601/i14
FF|OPT : Flip-flop optimization by equivalence checking
@ "/shared/Vivado/vicii-kawari/hdl/registers.v (1993)" removed instance : vic_inst/vic_registers/dff_4602/i15
@ "/shared/Vivado/vicii-kawari/hdl/registers.v (1993)" representative instance : vic_inst/vic_registers/dff_4601/i15
FF|OPT : Flip-flop optimization by equivalence checking
@ "/shared/Vivado/vicii-kawari/hdl/registers.v (1993)" removed instance : vic_inst/vic_registers/dff_4602/i16
@ "/shared/Vivado/vicii-kawari/hdl/registers.v (1993)" representative instance : vic_inst/vic_registers/dff_4601/i16
FF|OPT : Flip-flop optimization by equivalence checking
@ "/shared/Vivado/vicii-kawari/hdl/registers.v (1993)" removed instance : vic_inst/vic_registers/dff_4600/i16
@ "/shared/Vivado/vicii-kawari/hdl/registers.v (1993)" representative instance : vic_inst/vic_registers/dff_4599/i16
FF|OPT : Flip-flop optimization by equivalence checking
@ "/shared/Vivado/vicii-kawari/hdl/registers.v (1993)" removed instance : vic_inst/vic_registers/dff_4600/i1
@ "/shared/Vivado/vicii-kawari/hdl/registers.v (1993)" representative instance : vic_inst/vic_registers/dff_4599/i1
FF|OPT : Flip-flop optimization by equivalence checking
@ "/shared/Vivado/vicii-kawari/hdl/registers.v (1993)" removed instance : vic_inst/vic_registers/dff_4600/i2
@ "/shared/Vivado/vicii-kawari/hdl/registers.v (1993)" representative instance : vic_inst/vic_registers/dff_4599/i2
FF|OPT : Flip-flop optimization by equivalence checking
@ "/shared/Vivado/vicii-kawari/hdl/registers.v (1993)" removed instance : vic_inst/vic_registers/dff_4600/i3
@ "/shared/Vivado/vicii-kawari/hdl/registers.v (1993)" representative instance : vic_inst/vic_registers/dff_4599/i3
FF|OPT : Flip-flop optimization by equivalence checking
@ "/shared/Vivado/vicii-kawari/hdl/registers.v (1993)" removed instance : vic_inst/vic_registers/dff_4600/i4
@ "/shared/Vivado/vicii-kawari/hdl/registers.v (1993)" representative instance : vic_inst/vic_registers/dff_4599/i4
FF|OPT : Flip-flop optimization by equivalence checking
@ "/shared/Vivado/vicii-kawari/hdl/registers.v (1993)" removed instance : vic_inst/vic_registers/dff_4600/i5
@ "/shared/Vivado/vicii-kawari/hdl/registers.v (1993)" representative instance : vic_inst/vic_registers/dff_4599/i5
FF|OPT : Flip-flop optimization by equivalence checking
@ "/shared/Vivado/vicii-kawari/hdl/registers.v (1993)" removed instance : vic_inst/vic_registers/dff_4600/i6
@ "/shared/Vivado/vicii-kawari/hdl/registers.v (1993)" representative instance : vic_inst/vic_registers/dff_4599/i6
FF|OPT : Flip-flop optimization by equivalence checking
@ "/shared/Vivado/vicii-kawari/hdl/registers.v (1993)" removed instance : vic_inst/vic_registers/dff_4600/i7
@ "/shared/Vivado/vicii-kawari/hdl/registers.v (1993)" representative instance : vic_inst/vic_registers/dff_4599/i7
FF|OPT : Flip-flop optimization by equivalence checking
@ "/shared/Vivado/vicii-kawari/hdl/registers.v (1993)" removed instance : vic_inst/vic_registers/dff_4600/i8
@ "/shared/Vivado/vicii-kawari/hdl/registers.v (1993)" representative instance : vic_inst/vic_registers/dff_4599/i8
FF|OPT : Flip-flop optimization by equivalence checking
@ "/shared/Vivado/vicii-kawari/hdl/registers.v (1993)" removed instance : vic_inst/vic_registers/dff_4600/i9
@ "/shared/Vivado/vicii-kawari/hdl/registers.v (1993)" representative instance : vic_inst/vic_registers/dff_4599/i9
FF|OPT : Flip-flop optimization by equivalence checking
@ "/shared/Vivado/vicii-kawari/hdl/registers.v (1993)" removed instance : vic_inst/vic_registers/dff_4600/i10
@ "/shared/Vivado/vicii-kawari/hdl/registers.v (1993)" representative instance : vic_inst/vic_registers/dff_4599/i10
FF|OPT : Flip-flop optimization by equivalence checking
@ "/shared/Vivado/vicii-kawari/hdl/registers.v (1993)" removed instance : vic_inst/vic_registers/dff_4600/i11
@ "/shared/Vivado/vicii-kawari/hdl/registers.v (1993)" representative instance : vic_inst/vic_registers/dff_4599/i11
FF|OPT : Flip-flop optimization by equivalence checking
@ "/shared/Vivado/vicii-kawari/hdl/registers.v (1993)" removed instance : vic_inst/vic_registers/dff_4600/i12
@ "/shared/Vivado/vicii-kawari/hdl/registers.v (1993)" representative instance : vic_inst/vic_registers/dff_4599/i12
FF|OPT : Flip-flop optimization by equivalence checking
@ "/shared/Vivado/vicii-kawari/hdl/registers.v (1993)" removed instance : vic_inst/vic_registers/dff_4600/i13
@ "/shared/Vivado/vicii-kawari/hdl/registers.v (1993)" representative instance : vic_inst/vic_registers/dff_4599/i13
FF|OPT : Flip-flop optimization by equivalence checking
@ "/shared/Vivado/vicii-kawari/hdl/registers.v (1993)" removed instance : vic_inst/vic_registers/dff_4600/i14
@ "/shared/Vivado/vicii-kawari/hdl/registers.v (1993)" representative instance : vic_inst/vic_registers/dff_4599/i14
FF|OPT : Flip-flop optimization by equivalence checking
@ "/shared/Vivado/vicii-kawari/hdl/registers.v (1993)" removed instance : vic_inst/vic_registers/dff_4600/i15
@ "/shared/Vivado/vicii-kawari/hdl/registers.v (1993)" representative instance : vic_inst/vic_registers/dff_4599/i15
FF|OPT : Flip-flop optimization by equivalence checking
@ "/shared/Vivado/vicii-kawari/hdl/divide.v (78)" removed instance : vic_inst/vic_registers/u_divider/dff_51/i8
@ "/shared/Vivado/vicii-kawari/hdl/divide.v (78)" representative instance : vic_inst/vic_registers/u_divider/dff_52/i8
FF|OPT : Flip-flop optimization by equivalence checking
@ "/shared/Vivado/vicii-kawari/hdl/hires_pixel_sequencer.v (126)" removed instance : vic_inst/vic_hires_pixel_sequencer/dff_45/i3
@ "/shared/Vivado/vicii-kawari/hdl/pixel_sequencer.v (176)" representative instance : vic_inst/vic_pixel_sequencer/dff_104/i3
FF|OPT : Flip-flop optimization by equivalence checking
@ "/shared/Vivado/vicii-kawari/hdl/hires_pixel_sequencer.v (126)" removed instance : vic_inst/vic_hires_pixel_sequencer/dff_55/i3
@ "/shared/Vivado/vicii-kawari/hdl/pixel_sequencer.v (176)" representative instance : vic_inst/vic_pixel_sequencer/dff_108/i3
FF|OPT : Flip-flop optimization by equivalence checking
@ "/shared/Vivado/vicii-kawari/hdl/hires_pixel_sequencer.v (126)" removed instance : vic_inst/vic_hires_pixel_sequencer/dff_45/i2
@ "/shared/Vivado/vicii-kawari/hdl/pixel_sequencer.v (176)" representative instance : vic_inst/vic_pixel_sequencer/dff_104/i2
FF|OPT : Flip-flop optimization by equivalence checking
@ "/shared/Vivado/vicii-kawari/hdl/hires_pixel_sequencer.v (126)" removed instance : vic_inst/vic_hires_pixel_sequencer/dff_55/i2
@ "/shared/Vivado/vicii-kawari/hdl/pixel_sequencer.v (176)" representative instance : vic_inst/vic_pixel_sequencer/dff_108/i2
FF|OPT : Flip-flop optimization by equivalence checking
@ "/shared/Vivado/vicii-kawari/hdl/hires_pixel_sequencer.v (126)" removed instance : vic_inst/vic_hires_pixel_sequencer/dff_45/i1
@ "/shared/Vivado/vicii-kawari/hdl/pixel_sequencer.v (176)" representative instance : vic_inst/vic_pixel_sequencer/dff_104/i1
FF|OPT : Flip-flop optimization by equivalence checking
@ "/shared/Vivado/vicii-kawari/hdl/hires_pixel_sequencer.v (126)" removed instance : vic_inst/vic_hires_pixel_sequencer/dff_55/i1
@ "/shared/Vivado/vicii-kawari/hdl/pixel_sequencer.v (176)" representative instance : vic_inst/vic_pixel_sequencer/dff_108/i1
FF|OPT : Flip-flop optimization by equivalence checking
@ "/shared/Vivado/vicii-kawari/hdl/divide.v (78)" removed instance : vic_inst/vic_registers/u_divider/dff_51/i15
@ "/shared/Vivado/vicii-kawari/hdl/divide.v (78)" representative instance : vic_inst/vic_registers/u_divider/dff_52/i15
FF|OPT : Flip-flop optimization by equivalence checking
@ "/shared/Vivado/vicii-kawari/hdl/divide.v (78)" removed instance : vic_inst/vic_registers/u_divider/dff_51/i7
@ "/shared/Vivado/vicii-kawari/hdl/divide.v (78)" representative instance : vic_inst/vic_registers/u_divider/dff_52/i7
FF|OPT : Flip-flop optimization by equivalence checking
@ "/shared/Vivado/vicii-kawari/hdl/divide.v (78)" removed instance : vic_inst/vic_registers/u_divider/dff_51/i14
@ "/shared/Vivado/vicii-kawari/hdl/divide.v (78)" representative instance : vic_inst/vic_registers/u_divider/dff_52/i14
FF|OPT : Flip-flop optimization by equivalence checking
@ "/shared/Vivado/vicii-kawari/hdl/divide.v (78)" removed instance : vic_inst/vic_registers/u_divider/dff_51/i6
@ "/shared/Vivado/vicii-kawari/hdl/divide.v (78)" representative instance : vic_inst/vic_registers/u_divider/dff_52/i6
FF|OPT : Flip-flop optimization by equivalence checking
@ "/shared/Vivado/vicii-kawari/hdl/divide.v (78)" removed instance : vic_inst/vic_registers/u_divider/dff_51/i13
@ "/shared/Vivado/vicii-kawari/hdl/divide.v (78)" representative instance : vic_inst/vic_registers/u_divider/dff_52/i13
FF|OPT : Flip-flop optimization by equivalence checking
@ "/shared/Vivado/vicii-kawari/hdl/divide.v (78)" removed instance : vic_inst/vic_registers/u_divider/dff_51/i5
@ "/shared/Vivado/vicii-kawari/hdl/divide.v (78)" representative instance : vic_inst/vic_registers/u_divider/dff_52/i5
FF|OPT : Flip-flop optimization by equivalence checking
@ "/shared/Vivado/vicii-kawari/hdl/divide.v (78)" removed instance : vic_inst/vic_registers/u_divider/dff_51/i12
@ "/shared/Vivado/vicii-kawari/hdl/divide.v (78)" representative instance : vic_inst/vic_registers/u_divider/dff_52/i12
FF|OPT : Flip-flop optimization by equivalence checking
@ "/shared/Vivado/vicii-kawari/hdl/divide.v (78)" removed instance : vic_inst/vic_registers/u_divider/dff_51/i4
@ "/shared/Vivado/vicii-kawari/hdl/divide.v (78)" representative instance : vic_inst/vic_registers/u_divider/dff_52/i4
FF|OPT : Flip-flop optimization by equivalence checking
@ "/shared/Vivado/vicii-kawari/hdl/divide.v (78)" removed instance : vic_inst/vic_registers/u_divider/dff_51/i11
@ "/shared/Vivado/vicii-kawari/hdl/divide.v (78)" representative instance : vic_inst/vic_registers/u_divider/dff_52/i11
FF|OPT : Flip-flop optimization by equivalence checking
@ "/shared/Vivado/vicii-kawari/hdl/divide.v (78)" removed instance : vic_inst/vic_registers/u_divider/dff_51/i3
@ "/shared/Vivado/vicii-kawari/hdl/divide.v (78)" representative instance : vic_inst/vic_registers/u_divider/dff_52/i3
FF|OPT : Flip-flop optimization by equivalence checking
@ "/shared/Vivado/vicii-kawari/hdl/divide.v (78)" removed instance : vic_inst/vic_registers/u_divider/dff_51/i10
@ "/shared/Vivado/vicii-kawari/hdl/divide.v (78)" representative instance : vic_inst/vic_registers/u_divider/dff_52/i10
FF|OPT : Flip-flop optimization by equivalence checking
@ "/shared/Vivado/vicii-kawari/hdl/divide.v (78)" removed instance : vic_inst/vic_registers/u_divider/dff_51/i2
@ "/shared/Vivado/vicii-kawari/hdl/divide.v (78)" representative instance : vic_inst/vic_registers/u_divider/dff_52/i2
FF|OPT : Flip-flop optimization by equivalence checking
@ "/shared/Vivado/vicii-kawari/hdl/divide.v (78)" removed instance : vic_inst/vic_registers/u_divider/dff_51/i9
@ "/shared/Vivado/vicii-kawari/hdl/divide.v (78)" representative instance : vic_inst/vic_registers/u_divider/dff_52/i9
FF|OPT : Flip-flop optimization by equivalence checking
@ "/shared/Vivado/vicii-kawari/hdl/divide.v (78)" removed instance : vic_inst/vic_registers/u_divider/dff_51/i1
@ "/shared/Vivado/vicii-kawari/hdl/divide.v (78)" representative instance : vic_inst/vic_registers/u_divider/dff_52/i1
FF|OPT : Flip-flop optimization by equivalence checking
@ "/shared/Vivado/vicii-kawari/hdl/divide.v (78)" removed instance : vic_inst/vic_registers/s_divider/dff_51/i1
@ "/shared/Vivado/vicii-kawari/hdl/divide.v (78)" representative instance : vic_inst/vic_registers/s_divider/dff_52/i1
FF|OPT : Flip-flop optimization by equivalence checking
@ "/shared/Vivado/vicii-kawari/hdl/pixel_sequencer.v (264)" removed instance : vic_inst/vic_pixel_sequencer/dff_184/i5
@ "/shared/Vivado/vicii-kawari/hdl/pixel_sequencer.v (264)" representative instance : vic_inst/vic_pixel_sequencer/i180
FF|OPT : Flip-flop optimization by equivalence checking
@ "/shared/Vivado/vicii-kawari/hdl/pixel_sequencer.v (264)" removed instance : vic_inst/vic_pixel_sequencer/dff_184/i4
@ "/shared/Vivado/vicii-kawari/hdl/pixel_sequencer.v (264)" representative instance : vic_inst/vic_pixel_sequencer/i179
FF|OPT : Flip-flop optimization by equivalence checking
@ "/shared/Vivado/vicii-kawari/hdl/pixel_sequencer.v (264)" removed instance : vic_inst/vic_pixel_sequencer/dff_184/i3
@ "/shared/Vivado/vicii-kawari/hdl/pixel_sequencer.v (264)" representative instance : vic_inst/vic_pixel_sequencer/i178
FF|OPT : Flip-flop optimization by equivalence checking
@ "/shared/Vivado/vicii-kawari/hdl/hires_vga_sync.v (211)" removed instance : vic_inst/vic_vga_sync/dff_175/i8
@ "/shared/Vivado/vicii-kawari/hdl/hires_vga_sync.v (211)" representative instance : vic_inst/vic_vga_sync/dff_175/i9
FF|OPT : Flip-flop optimization by equivalence checking
@ "/shared/Vivado/vicii-kawari/hdl/hires_vga_sync.v (211)" removed instance : vic_inst/vic_vga_sync/dff_175/i7
@ "/shared/Vivado/vicii-kawari/hdl/hires_vga_sync.v (211)" representative instance : vic_inst/vic_vga_sync/dff_175/i9
FF|OPT : Flip-flop optimization by equivalence checking
@ "/shared/Vivado/vicii-kawari/hdl/hires_vga_sync.v (211)" removed instance : vic_inst/vic_vga_sync/dff_175/i6
@ "/shared/Vivado/vicii-kawari/hdl/hires_vga_sync.v (211)" representative instance : vic_inst/vic_vga_sync/dff_175/i9
FF|OPT : Flip-flop optimization by equivalence checking
@ "/shared/Vivado/vicii-kawari/hdl/hires_vga_sync.v (211)" removed instance : vic_inst/vic_vga_sync/dff_175/i2
@ "/shared/Vivado/vicii-kawari/hdl/hires_vga_sync.v (211)" representative instance : vic_inst/vic_vga_sync/dff_175/i3
FF|OPT : Flip-flop optimization by equivalence checking
@ "/shared/Vivado/vicii-kawari/hdl/hires_vga_sync.v (211)" removed instance : vic_inst/vic_vga_sync/dff_175/i1
@ "/shared/Vivado/vicii-kawari/hdl/hires_vga_sync.v (211)" representative instance : vic_inst/vic_vga_sync/dff_175/i3
FF|OPT : Flip-flop optimization by equivalence checking
@ "/shared/Vivado/vicii-kawari/hdl/hires_vga_sync.v (211)" removed instance : vic_inst/vic_vga_sync/dff_174/i4
@ "/shared/Vivado/vicii-kawari/hdl/hires_vga_sync.v (211)" representative instance : vic_inst/vic_vga_sync/dff_174/i10
FF|OPT : Flip-flop optimization by equivalence checking
@ "/shared/Vivado/vicii-kawari/hdl/hires_vga_sync.v (211)" removed instance : vic_inst/vic_vga_sync/dff_171/i7
@ "/shared/Vivado/vicii-kawari/hdl/hires_vga_sync.v (211)" representative instance : vic_inst/vic_vga_sync/dff_171/i10
FF|OPT : Flip-flop optimization by equivalence checking
@ "/shared/Vivado/vicii-kawari/hdl/hires_vga_sync.v (211)" removed instance : vic_inst/vic_vga_sync/dff_171/i6
@ "/shared/Vivado/vicii-kawari/hdl/hires_vga_sync.v (211)" representative instance : vic_inst/vic_vga_sync/dff_171/i9
FF|OPT : Flip-flop optimization by equivalence checking
@ "/shared/Vivado/vicii-kawari/hdl/hires_vga_sync.v (211)" removed instance : vic_inst/vic_vga_sync/dff_171/i5
@ "/shared/Vivado/vicii-kawari/hdl/hires_vga_sync.v (211)" representative instance : vic_inst/vic_vga_sync/dff_174/i10
FF|OPT : Flip-flop optimization by equivalence checking
@ "/shared/Vivado/vicii-kawari/hdl/hires_vga_sync.v (211)" removed instance : vic_inst/vic_vga_sync/dff_171/i4
@ "/shared/Vivado/vicii-kawari/hdl/hires_vga_sync.v (211)" representative instance : vic_inst/vic_vga_sync/dff_175/i3
FF|OPT : Flip-flop optimization by equivalence checking
@ "/shared/Vivado/vicii-kawari/hdl/hires_vga_sync.v (211)" removed instance : vic_inst/vic_vga_sync/dff_171/i1
@ "/shared/Vivado/vicii-kawari/hdl/hires_vga_sync.v (211)" representative instance : vic_inst/vic_vga_sync/dff_171/i9
FF|OPT : Flip-flop optimization by equivalence checking
@ "/shared/Vivado/vicii-kawari/hdl/hires_vga_sync.v (211)" removed instance : vic_inst/vic_vga_sync/dff_167/i3
@ "/shared/Vivado/vicii-kawari/hdl/hires_vga_sync.v (211)" representative instance : vic_inst/vic_vga_sync/dff_167/i5
FF|OPT : Flip-flop optimization by equivalence checking
@ "/shared/Vivado/vicii-kawari/hdl/hires_vga_sync.v (211)" removed instance : vic_inst/vic_vga_sync/dff_167/i2
@ "/shared/Vivado/vicii-kawari/hdl/hires_vga_sync.v (211)" representative instance : vic_inst/vic_vga_sync/dff_167/i4
FF|OPT : Flip-flop optimization by equivalence checking
@ "/shared/Vivado/vicii-kawari/hdl/hires_vga_sync.v (211)" removed instance : vic_inst/vic_vga_sync/dff_172/i10
@ "/shared/Vivado/vicii-kawari/hdl/hires_vga_sync.v (211)" representative instance : vic_inst/vic_vga_sync/dff_171/i10
FF|OPT : Flip-flop optimization by equivalence checking
@ "/shared/Vivado/vicii-kawari/hdl/hires_vga_sync.v (211)" removed instance : vic_inst/vic_vga_sync/dff_172/i9
@ "/shared/Vivado/vicii-kawari/hdl/hires_vga_sync.v (211)" representative instance : vic_inst/vic_vga_sync/dff_171/i9
FF|OPT : Flip-flop optimization by equivalence checking
@ "/shared/Vivado/vicii-kawari/hdl/hires_vga_sync.v (211)" removed instance : vic_inst/vic_vga_sync/dff_172/i7
@ "/shared/Vivado/vicii-kawari/hdl/hires_vga_sync.v (211)" representative instance : vic_inst/vic_vga_sync/dff_171/i10
FF|OPT : Flip-flop optimization by equivalence checking
@ "/shared/Vivado/vicii-kawari/hdl/hires_vga_sync.v (211)" removed instance : vic_inst/vic_vga_sync/dff_172/i5
@ "/shared/Vivado/vicii-kawari/hdl/hires_vga_sync.v (211)" representative instance : vic_inst/vic_vga_sync/dff_174/i9
FF|OPT : Flip-flop optimization by equivalence checking
@ "/shared/Vivado/vicii-kawari/hdl/hires_vga_sync.v (211)" removed instance : vic_inst/vic_vga_sync/dff_172/i4
@ "/shared/Vivado/vicii-kawari/hdl/hires_vga_sync.v (211)" representative instance : vic_inst/vic_vga_sync/dff_174/i10
FF|OPT : Flip-flop optimization by equivalence checking
@ "/shared/Vivado/vicii-kawari/hdl/hires_vga_sync.v (211)" removed instance : vic_inst/vic_vga_sync/dff_172/i3
@ "/shared/Vivado/vicii-kawari/hdl/hires_vga_sync.v (211)" representative instance : vic_inst/vic_vga_sync/dff_171/i3
FF|OPT : Flip-flop optimization by equivalence checking
@ "/shared/Vivado/vicii-kawari/hdl/hires_vga_sync.v (211)" removed instance : vic_inst/vic_vga_sync/dff_172/i2
@ "/shared/Vivado/vicii-kawari/hdl/hires_vga_sync.v (211)" representative instance : vic_inst/vic_vga_sync/dff_171/i2
FF|OPT : Flip-flop optimization by equivalence checking
@ "/shared/Vivado/vicii-kawari/hdl/hires_vga_sync.v (211)" removed instance : vic_inst/vic_vga_sync/dff_172/i1
@ "/shared/Vivado/vicii-kawari/hdl/hires_vga_sync.v (211)" representative instance : vic_inst/vic_vga_sync/dff_171/i9
FF|OPT : Flip-flop optimization by equivalence checking
@ "/shared/Vivado/vicii-kawari/hdl/hires_vga_sync.v (211)" removed instance : vic_inst/vic_vga_sync/dff_168/i7
@ "/shared/Vivado/vicii-kawari/hdl/hires_vga_sync.v (211)" representative instance : vic_inst/vic_vga_sync/dff_167/i5
FF|OPT : Flip-flop optimization by equivalence checking
@ "/shared/Vivado/vicii-kawari/hdl/hires_vga_sync.v (211)" removed instance : vic_inst/vic_vga_sync/dff_168/i6
@ "/shared/Vivado/vicii-kawari/hdl/hires_vga_sync.v (211)" representative instance : vic_inst/vic_vga_sync/dff_175/i3
FF|OPT : Flip-flop optimization by equivalence checking
@ "/shared/Vivado/vicii-kawari/hdl/hires_vga_sync.v (211)" removed instance : vic_inst/vic_vga_sync/dff_168/i5
@ "/shared/Vivado/vicii-kawari/hdl/hires_vga_sync.v (211)" representative instance : vic_inst/vic_vga_sync/dff_167/i4
FF|OPT : Flip-flop optimization by equivalence checking
@ "/shared/Vivado/vicii-kawari/hdl/hires_vga_sync.v (211)" removed instance : vic_inst/vic_vga_sync/dff_173/i10
@ "/shared/Vivado/vicii-kawari/hdl/hires_vga_sync.v (211)" representative instance : vic_inst/vic_vga_sync/dff_171/i10
FF|OPT : Flip-flop optimization by equivalence checking
@ "/shared/Vivado/vicii-kawari/hdl/hires_vga_sync.v (211)" removed instance : vic_inst/vic_vga_sync/dff_173/i9
@ "/shared/Vivado/vicii-kawari/hdl/hires_vga_sync.v (211)" representative instance : vic_inst/vic_vga_sync/dff_171/i9
FF|OPT : Flip-flop optimization by equivalence checking
@ "/shared/Vivado/vicii-kawari/hdl/hires_vga_sync.v (211)" removed instance : vic_inst/vic_vga_sync/dff_173/i7
@ "/shared/Vivado/vicii-kawari/hdl/hires_vga_sync.v (211)" representative instance : vic_inst/vic_vga_sync/dff_171/i10
FF|OPT : Flip-flop optimization by equivalence checking
@ "/shared/Vivado/vicii-kawari/hdl/hires_vga_sync.v (211)" removed instance : vic_inst/vic_vga_sync/dff_173/i6
@ "/shared/Vivado/vicii-kawari/hdl/hires_vga_sync.v (211)" representative instance : vic_inst/vic_vga_sync/dff_172/i6
FF|OPT : Flip-flop optimization by equivalence checking
@ "/shared/Vivado/vicii-kawari/hdl/hires_vga_sync.v (211)" removed instance : vic_inst/vic_vga_sync/dff_173/i5
@ "/shared/Vivado/vicii-kawari/hdl/hires_vga_sync.v (211)" representative instance : vic_inst/vic_vga_sync/dff_174/i9
FF|OPT : Flip-flop optimization by equivalence checking
@ "/shared/Vivado/vicii-kawari/hdl/hires_vga_sync.v (211)" removed instance : vic_inst/vic_vga_sync/dff_173/i4
@ "/shared/Vivado/vicii-kawari/hdl/hires_vga_sync.v (211)" representative instance : vic_inst/vic_vga_sync/dff_174/i10
FF|OPT : Flip-flop optimization by equivalence checking
@ "/shared/Vivado/vicii-kawari/hdl/hires_vga_sync.v (211)" removed instance : vic_inst/vic_vga_sync/dff_173/i3
@ "/shared/Vivado/vicii-kawari/hdl/hires_vga_sync.v (211)" representative instance : vic_inst/vic_vga_sync/dff_175/i3
FF|OPT : Flip-flop optimization by equivalence checking
@ "/shared/Vivado/vicii-kawari/hdl/hires_vga_sync.v (211)" removed instance : vic_inst/vic_vga_sync/dff_173/i2
@ "/shared/Vivado/vicii-kawari/hdl/hires_vga_sync.v (211)" representative instance : vic_inst/vic_vga_sync/dff_171/i3
FF|OPT : Flip-flop optimization by equivalence checking
@ "/shared/Vivado/vicii-kawari/hdl/hires_vga_sync.v (211)" removed instance : vic_inst/vic_vga_sync/dff_170/i10
@ "/shared/Vivado/vicii-kawari/hdl/hires_vga_sync.v (211)" representative instance : vic_inst/vic_vga_sync/dff_171/i10
FF|OPT : Flip-flop optimization by equivalence checking
@ "/shared/Vivado/vicii-kawari/hdl/hires_vga_sync.v (211)" removed instance : vic_inst/vic_vga_sync/dff_170/i9
@ "/shared/Vivado/vicii-kawari/hdl/hires_vga_sync.v (211)" representative instance : vic_inst/vic_vga_sync/dff_171/i9
FF|OPT : Flip-flop optimization by equivalence checking
@ "/shared/Vivado/vicii-kawari/hdl/hires_vga_sync.v (211)" removed instance : vic_inst/vic_vga_sync/dff_170/i7
@ "/shared/Vivado/vicii-kawari/hdl/hires_vga_sync.v (211)" representative instance : vic_inst/vic_vga_sync/dff_171/i10
FF|OPT : Flip-flop optimization by equivalence checking
@ "/shared/Vivado/vicii-kawari/hdl/hires_vga_sync.v (211)" removed instance : vic_inst/vic_vga_sync/dff_170/i6
@ "/shared/Vivado/vicii-kawari/hdl/hires_vga_sync.v (211)" representative instance : vic_inst/vic_vga_sync/dff_171/i9
FF|OPT : Flip-flop optimization by equivalence checking
@ "/shared/Vivado/vicii-kawari/hdl/hires_vga_sync.v (211)" removed instance : vic_inst/vic_vga_sync/dff_170/i5
@ "/shared/Vivado/vicii-kawari/hdl/hires_vga_sync.v (211)" representative instance : vic_inst/vic_vga_sync/dff_174/i10
FF|OPT : Flip-flop optimization by equivalence checking
@ "/shared/Vivado/vicii-kawari/hdl/hires_vga_sync.v (211)" removed instance : vic_inst/vic_vga_sync/dff_170/i4
@ "/shared/Vivado/vicii-kawari/hdl/hires_vga_sync.v (211)" representative instance : vic_inst/vic_vga_sync/dff_175/i3
FF|OPT : Flip-flop optimization by equivalence checking
@ "/shared/Vivado/vicii-kawari/hdl/hires_vga_sync.v (211)" removed instance : vic_inst/vic_vga_sync/dff_170/i3
@ "/shared/Vivado/vicii-kawari/hdl/hires_vga_sync.v (211)" representative instance : vic_inst/vic_vga_sync/dff_174/i9
FF|OPT : Flip-flop optimization by equivalence checking
@ "/shared/Vivado/vicii-kawari/hdl/hires_vga_sync.v (211)" removed instance : vic_inst/vic_vga_sync/dff_170/i1
@ "/shared/Vivado/vicii-kawari/hdl/hires_vga_sync.v (211)" representative instance : vic_inst/vic_vga_sync/dff_173/i1
FF|OPT : Flip-flop optimization by equivalence checking
@ "/shared/Vivado/vicii-kawari/hdl/hires_vga_sync.v (211)" removed instance : vic_inst/vic_vga_sync/dff_169/i8
@ "/shared/Vivado/vicii-kawari/hdl/hires_vga_sync.v (211)" representative instance : vic_inst/vic_vga_sync/dff_167/i5
FF|OPT : Flip-flop optimization by equivalence checking
@ "/shared/Vivado/vicii-kawari/hdl/hires_vga_sync.v (211)" removed instance : vic_inst/vic_vga_sync/dff_169/i7
@ "/shared/Vivado/vicii-kawari/hdl/hires_vga_sync.v (211)" representative instance : vic_inst/vic_vga_sync/dff_167/i4
FF|OPT : Flip-flop optimization by equivalence checking
@ "/shared/Vivado/vicii-kawari/hdl/hires_vga_sync.v (211)" removed instance : vic_inst/vic_vga_sync/dff_169/i6
@ "/shared/Vivado/vicii-kawari/hdl/hires_vga_sync.v (211)" representative instance : vic_inst/vic_vga_sync/dff_167/i5
FF|OPT : Flip-flop optimization by equivalence checking
@ "/shared/Vivado/vicii-kawari/hdl/hires_vga_sync.v (211)" removed instance : vic_inst/vic_vga_sync/dff_169/i5
@ "/shared/Vivado/vicii-kawari/hdl/hires_vga_sync.v (211)" representative instance : vic_inst/vic_vga_sync/dff_175/i3
FF|OPT : Flip-flop optimization by equivalence checking
@ "/shared/Vivado/vicii-kawari/hdl/hires_vga_sync.v (211)" removed instance : vic_inst/vic_vga_sync/dff_169/i4
@ "/shared/Vivado/vicii-kawari/hdl/hires_vga_sync.v (211)" representative instance : vic_inst/vic_vga_sync/dff_167/i4
FF|OPT : Flip-flop optimization by equivalence checking
@ "/shared/Vivado/vicii-kawari/hdl/hires_vga_sync.v (211)" removed instance : vic_inst/vic_vga_sync/dff_169/i3
@ "/shared/Vivado/vicii-kawari/hdl/hires_vga_sync.v (211)" representative instance : vic_inst/vic_vga_sync/dff_167/i5
FF|OPT : Flip-flop optimization by equivalence checking
@ "/shared/Vivado/vicii-kawari/hdl/hires_vga_sync.v (211)" removed instance : vic_inst/vic_vga_sync/dff_169/i2
@ "/shared/Vivado/vicii-kawari/hdl/hires_vga_sync.v (211)" representative instance : vic_inst/vic_vga_sync/dff_167/i4
FF|OPT : Flip-flop optimization by equivalence checking
@ "/shared/Vivado/vicii-kawari/hdl/hires_vga_sync.v (211)" removed instance : vic_inst/vic_vga_sync/dff_166/i10
@ "/shared/Vivado/vicii-kawari/hdl/hires_vga_sync.v (211)" representative instance : vic_inst/vic_vga_sync/dff_167/i5
FF|OPT : Flip-flop optimization by equivalence checking
@ "/shared/Vivado/vicii-kawari/hdl/hires_vga_sync.v (211)" removed instance : vic_inst/vic_vga_sync/dff_166/i9
@ "/shared/Vivado/vicii-kawari/hdl/hires_vga_sync.v (211)" representative instance : vic_inst/vic_vga_sync/dff_175/i3
FF|OPT : Flip-flop optimization by equivalence checking
@ "/shared/Vivado/vicii-kawari/hdl/hires_vga_sync.v (211)" removed instance : vic_inst/vic_vga_sync/dff_166/i8
@ "/shared/Vivado/vicii-kawari/hdl/hires_vga_sync.v (211)" representative instance : vic_inst/vic_vga_sync/dff_175/i3
FF|OPT : Flip-flop optimization by equivalence checking
@ "/shared/Vivado/vicii-kawari/hdl/hires_vga_sync.v (211)" removed instance : vic_inst/vic_vga_sync/dff_166/i7
@ "/shared/Vivado/vicii-kawari/hdl/hires_vga_sync.v (211)" representative instance : vic_inst/vic_vga_sync/dff_175/i3
FF|OPT : Flip-flop optimization by equivalence checking
@ "/shared/Vivado/vicii-kawari/hdl/hires_vga_sync.v (211)" removed instance : vic_inst/vic_vga_sync/dff_166/i3
@ "/shared/Vivado/vicii-kawari/hdl/hires_vga_sync.v (211)" representative instance : vic_inst/vic_vga_sync/dff_175/i3
FF|OPT : Flip-flop optimization by equivalence checking
@ "/shared/Vivado/vicii-kawari/hdl/hires_vga_sync.v (211)" removed instance : vic_inst/vic_vga_sync/dff_166/i2
@ "/shared/Vivado/vicii-kawari/hdl/hires_vga_sync.v (211)" representative instance : vic_inst/vic_vga_sync/dff_167/i4
FF|OPT : Flip-flop optimization by equivalence checking
@ "/shared/Vivado/vicii-kawari/hdl/addressgen_efinix.v (338)" removed instance : vic_inst/vic_addressgen/i118
@ "/shared/Vivado/vicii-kawari/hdl/addressgen_efinix.v (338)" representative instance : vic_inst/vic_addressgen/i119
FF|OPT : Flip-flop optimization by equivalence checking
@ "/shared/Vivado/vicii-kawari/hdl/addressgen_efinix.v (325)" removed instance : vic_inst/vic_addressgen/i111
@ "/shared/Vivado/vicii-kawari/hdl/addressgen_efinix.v (325)" representative instance : vic_inst/vic_addressgen/i109
FF|OPT : Flip-flop optimization by equivalence checking
@ "/shared/Vivado/vicii-kawari/hdl/divide.v (78)" removed instance : vic_inst/vic_registers/s_divider/divider_copy[29]~FF_frt_6
@ "/shared/Vivado/vicii-kawari/hdl/divide.v (78)" representative instance : vic_inst/vic_registers/s_divider/dff_54/i30
FF|OPT : Flip-flop optimization by equivalence checking
@ "/shared/Vivado/vicii-kawari/hdl/divide.v (78)" removed instance : vic_inst/vic_registers/s_divider/divider_copy[30]~FF_frt_5
@ "/shared/Vivado/vicii-kawari/hdl/divide.v (78)" representative instance : vic_inst/vic_registers/s_divider/dff_54/i31
FF|OPT : Flip-flop optimization by equivalence checking
@ "/shared/Vivado/vicii-kawari/hdl/registers.v (1993)" removed instance : vic_inst/vic_registers/dff_4487/i1
@ "/shared/Vivado/vicii-kawari/hdl/registers.v (1993)" representative instance : vic_inst/vic_registers/chip[0]~FF_frt_4
FF|OPT : Flip-flop optimization by equivalence checking
@ "/shared/Vivado/vicii-kawari/hdl/divide.v (78)" removed instance : vic_inst/vic_registers/s_divider/divider_copy[1]~FF_frt_34
@ "/shared/Vivado/vicii-kawari/hdl/divide.v (78)" representative instance : vic_inst/vic_registers/s_divider/dff_54/i2
FF|OPT : Flip-flop optimization by equivalence checking
@ "/shared/Vivado/vicii-kawari/hdl/divide.v (78)" removed instance : vic_inst/vic_registers/s_divider/divider_copy[2]~FF_frt_33
@ "/shared/Vivado/vicii-kawari/hdl/divide.v (78)" representative instance : vic_inst/vic_registers/s_divider/dff_54/i3
FF|OPT : Flip-flop optimization by equivalence checking
@ "/shared/Vivado/vicii-kawari/hdl/divide.v (78)" removed instance : vic_inst/vic_registers/s_divider/divider_copy[3]~FF_frt_32
@ "/shared/Vivado/vicii-kawari/hdl/divide.v (78)" representative instance : vic_inst/vic_registers/s_divider/dff_54/i4
FF|OPT : Flip-flop optimization by equivalence checking
@ "/shared/Vivado/vicii-kawari/hdl/divide.v (78)" removed instance : vic_inst/vic_registers/s_divider/divider_copy[4]~FF_frt_31
@ "/shared/Vivado/vicii-kawari/hdl/divide.v (78)" representative instance : vic_inst/vic_registers/s_divider/dff_54/i5
FF|OPT : Flip-flop optimization by equivalence checking
@ "/shared/Vivado/vicii-kawari/hdl/divide.v (78)" removed instance : vic_inst/vic_registers/s_divider/divider_copy[5]~FF_frt_30
@ "/shared/Vivado/vicii-kawari/hdl/divide.v (78)" representative instance : vic_inst/vic_registers/s_divider/dff_54/i6
FF|OPT : Flip-flop optimization by equivalence checking
@ "/shared/Vivado/vicii-kawari/hdl/divide.v (78)" removed instance : vic_inst/vic_registers/s_divider/divider_copy[6]~FF_frt_29
@ "/shared/Vivado/vicii-kawari/hdl/divide.v (78)" representative instance : vic_inst/vic_registers/s_divider/dff_54/i7
FF|OPT : Flip-flop optimization by equivalence checking
@ "/shared/Vivado/vicii-kawari/hdl/divide.v (78)" removed instance : vic_inst/vic_registers/s_divider/divider_copy[7]~FF_frt_28
@ "/shared/Vivado/vicii-kawari/hdl/divide.v (78)" representative instance : vic_inst/vic_registers/s_divider/dff_54/i8
FF|OPT : Flip-flop optimization by equivalence checking
@ "/shared/Vivado/vicii-kawari/hdl/divide.v (78)" removed instance : vic_inst/vic_registers/s_divider/divider_copy[8]~FF_frt_27
@ "/shared/Vivado/vicii-kawari/hdl/divide.v (78)" representative instance : vic_inst/vic_registers/s_divider/dff_54/i9
FF|OPT : Flip-flop optimization by equivalence checking
@ "/shared/Vivado/vicii-kawari/hdl/divide.v (78)" removed instance : vic_inst/vic_registers/s_divider/divider_copy[9]~FF_frt_26
@ "/shared/Vivado/vicii-kawari/hdl/divide.v (78)" representative instance : vic_inst/vic_registers/s_divider/dff_54/i10
FF|OPT : Flip-flop optimization by equivalence checking
@ "/shared/Vivado/vicii-kawari/hdl/divide.v (78)" removed instance : vic_inst/vic_registers/s_divider/divider_copy[10]~FF_frt_25
@ "/shared/Vivado/vicii-kawari/hdl/divide.v (78)" representative instance : vic_inst/vic_registers/s_divider/dff_54/i11
FF|OPT : Flip-flop optimization by equivalence checking
@ "/shared/Vivado/vicii-kawari/hdl/divide.v (78)" removed instance : vic_inst/vic_registers/s_divider/divider_copy[11]~FF_frt_24
@ "/shared/Vivado/vicii-kawari/hdl/divide.v (78)" representative instance : vic_inst/vic_registers/s_divider/dff_54/i12
FF|OPT : Flip-flop optimization by equivalence checking
@ "/shared/Vivado/vicii-kawari/hdl/divide.v (78)" removed instance : vic_inst/vic_registers/s_divider/divider_copy[12]~FF_frt_23
@ "/shared/Vivado/vicii-kawari/hdl/divide.v (78)" representative instance : vic_inst/vic_registers/s_divider/dff_54/i13
FF|OPT : Flip-flop optimization by equivalence checking
@ "/shared/Vivado/vicii-kawari/hdl/divide.v (78)" removed instance : vic_inst/vic_registers/s_divider/divider_copy[13]~FF_frt_22
@ "/shared/Vivado/vicii-kawari/hdl/divide.v (78)" representative instance : vic_inst/vic_registers/s_divider/dff_54/i14
FF|OPT : Flip-flop optimization by equivalence checking
@ "/shared/Vivado/vicii-kawari/hdl/divide.v (78)" removed instance : vic_inst/vic_registers/s_divider/divider_copy[14]~FF_frt_21
@ "/shared/Vivado/vicii-kawari/hdl/divide.v (78)" representative instance : vic_inst/vic_registers/s_divider/dff_54/i15
FF|OPT : Flip-flop optimization by equivalence checking
@ "/shared/Vivado/vicii-kawari/hdl/divide.v (78)" removed instance : vic_inst/vic_registers/s_divider/divider_copy[15]~FF_frt_20
@ "/shared/Vivado/vicii-kawari/hdl/divide.v (78)" representative instance : vic_inst/vic_registers/s_divider/dff_54/i16
FF|OPT : Flip-flop optimization by equivalence checking
@ "/shared/Vivado/vicii-kawari/hdl/divide.v (78)" removed instance : vic_inst/vic_registers/s_divider/divider_copy[16]~FF_frt_19
@ "/shared/Vivado/vicii-kawari/hdl/divide.v (78)" representative instance : vic_inst/vic_registers/s_divider/dff_54/i17
FF|OPT : Flip-flop optimization by equivalence checking
@ "/shared/Vivado/vicii-kawari/hdl/divide.v (78)" removed instance : vic_inst/vic_registers/s_divider/divider_copy[17]~FF_frt_18
@ "/shared/Vivado/vicii-kawari/hdl/divide.v (78)" representative instance : vic_inst/vic_registers/s_divider/dff_54/i18
FF|OPT : Flip-flop optimization by equivalence checking
@ "/shared/Vivado/vicii-kawari/hdl/divide.v (78)" removed instance : vic_inst/vic_registers/s_divider/divider_copy[18]~FF_frt_17
@ "/shared/Vivado/vicii-kawari/hdl/divide.v (78)" representative instance : vic_inst/vic_registers/s_divider/dff_54/i19
FF|OPT : Flip-flop optimization by equivalence checking
@ "/shared/Vivado/vicii-kawari/hdl/divide.v (78)" removed instance : vic_inst/vic_registers/s_divider/divider_copy[19]~FF_frt_16
@ "/shared/Vivado/vicii-kawari/hdl/divide.v (78)" representative instance : vic_inst/vic_registers/s_divider/dff_54/i20
FF|OPT : Flip-flop optimization by equivalence checking
@ "/shared/Vivado/vicii-kawari/hdl/divide.v (78)" removed instance : vic_inst/vic_registers/s_divider/divider_copy[20]~FF_frt_15
@ "/shared/Vivado/vicii-kawari/hdl/divide.v (78)" representative instance : vic_inst/vic_registers/s_divider/dff_54/i21
FF|OPT : Flip-flop optimization by equivalence checking
@ "/shared/Vivado/vicii-kawari/hdl/divide.v (78)" removed instance : vic_inst/vic_registers/s_divider/divider_copy[21]~FF_frt_14
@ "/shared/Vivado/vicii-kawari/hdl/divide.v (78)" representative instance : vic_inst/vic_registers/s_divider/dff_54/i22
FF|OPT : Flip-flop optimization by equivalence checking
@ "/shared/Vivado/vicii-kawari/hdl/divide.v (78)" removed instance : vic_inst/vic_registers/s_divider/divider_copy[22]~FF_frt_13
@ "/shared/Vivado/vicii-kawari/hdl/divide.v (78)" representative instance : vic_inst/vic_registers/s_divider/dff_54/i23
FF|OPT : Flip-flop optimization by equivalence checking
@ "/shared/Vivado/vicii-kawari/hdl/divide.v (78)" removed instance : vic_inst/vic_registers/s_divider/divider_copy[23]~FF_frt_12
@ "/shared/Vivado/vicii-kawari/hdl/divide.v (78)" representative instance : vic_inst/vic_registers/s_divider/dff_54/i24
FF|OPT : Flip-flop optimization by equivalence checking
@ "/shared/Vivado/vicii-kawari/hdl/divide.v (78)" removed instance : vic_inst/vic_registers/s_divider/divider_copy[24]~FF_frt_11
@ "/shared/Vivado/vicii-kawari/hdl/divide.v (78)" representative instance : vic_inst/vic_registers/s_divider/dff_54/i25
FF|OPT : Flip-flop optimization by equivalence checking
@ "/shared/Vivado/vicii-kawari/hdl/divide.v (78)" removed instance : vic_inst/vic_registers/s_divider/divider_copy[25]~FF_frt_10
@ "/shared/Vivado/vicii-kawari/hdl/divide.v (78)" representative instance : vic_inst/vic_registers/s_divider/dff_54/i26
FF|OPT : Flip-flop optimization by equivalence checking
@ "/shared/Vivado/vicii-kawari/hdl/divide.v (78)" removed instance : vic_inst/vic_registers/s_divider/divider_copy[26]~FF_frt_9
@ "/shared/Vivado/vicii-kawari/hdl/divide.v (78)" representative instance : vic_inst/vic_registers/s_divider/dff_54/i27
FF|OPT : Flip-flop optimization by equivalence checking
@ "/shared/Vivado/vicii-kawari/hdl/divide.v (78)" removed instance : vic_inst/vic_registers/s_divider/divider_copy[27]~FF_frt_8
@ "/shared/Vivado/vicii-kawari/hdl/divide.v (78)" representative instance : vic_inst/vic_registers/s_divider/dff_54/i28
FF|OPT : Flip-flop optimization by equivalence checking
@ "/shared/Vivado/vicii-kawari/hdl/divide.v (78)" removed instance : vic_inst/vic_registers/s_divider/divider_copy[28]~FF_frt_7
@ "/shared/Vivado/vicii-kawari/hdl/divide.v (78)" representative instance : vic_inst/vic_registers/s_divider/dff_54/i29

Mapping success.
### ### Mapping (end) ### ### ###

### ### Post-optimizations and re-synthesis (begin) ### ### ###

Post-optimizations and re-synthesis success.
### ### Post-optimizations and re-synthesis (end) ### ### ###

### ### EFX_FF CE enables (begin) ### ### ###
Total number of enable signals: 271
Enable signal <vic_inst/vic_registers/n26823>, number of controlling flip flops: 3
Enable signal <clk_phi>, number of controlling flip flops: 9
Enable signal <vic_inst/n483>, number of controlling flip flops: 1
Enable signal <vic_inst/n1599>, number of controlling flip flops: 1
Enable signal <vic_inst/dot_rising[0]_2>, number of controlling flip flops: 27
Enable signal <vic_inst/n745>, number of controlling flip flops: 3
Enable signal <vic_inst/n1443>, number of controlling flip flops: 3
Enable signal <ceg_net5>, number of controlling flip flops: 4
Enable signal <vic_inst/dot_rising[1]_2>, number of controlling flip flops: 255
Enable signal <ceg_net3873>, number of controlling flip flops: 1
Enable signal <vic_inst/vic_lightpen/n120>, number of controlling flip flops: 16
Enable signal <vic_inst/ilp_clr>, number of controlling flip flops: 1
Enable signal <vic_inst/vic_lightpen/start_of_frame>, number of controlling flip flops: 1
Enable signal <ceg_net60>, number of controlling flip flops: 9
Enable signal <vic_inst/vic_raster/n699>, number of controlling flip flops: 10
Enable signal <ceg_net18>, number of controlling flip flops: 1
Enable signal <ceg_net68>, number of controlling flip flops: 11
Enable signal <vic_inst/vic_raster/n700>, number of controlling flip flops: 9
Enable signal <vic_inst/vic_raster/n701>, number of controlling flip flops: 6
Enable signal <ceg_net28>, number of controlling flip flops: 3
Enable signal <ceg_net136>, number of controlling flip flops: 10
Enable signal <ceg_net113>, number of controlling flip flops: 1
Enable signal <ceg_net185>, number of controlling flip flops: 10
Enable signal <ceg_net246>, number of controlling flip flops: 3
Enable signal <ceg_net251>, number of controlling flip flops: 11
Enable signal <ceg_net256>, number of controlling flip flops: 1
Enable signal <ceg_net262>, number of controlling flip flops: 11
Enable signal <vic_inst/vic_hires_matrix/n450>, number of controlling flip flops: 8
Enable signal <ceg_net460>, number of controlling flip flops: 3
Enable signal <ceg_net448>, number of controlling flip flops: 14
Enable signal <ceg_net510>, number of controlling flip flops: 4
Enable signal <ceg_net3891>, number of controlling flip flops: 3
Enable signal <ceg_net3896>, number of controlling flip flops: 3
Enable signal <ceg_net3888>, number of controlling flip flops: 3
Enable signal <ceg_net533>, number of controlling flip flops: 6
Enable signal <ceg_net536>, number of controlling flip flops: 1
Enable signal <ceg_net541>, number of controlling flip flops: 1
Enable signal <vic_inst/phi_phase_start[0]_2>, number of controlling flip flops: 97
Enable signal <rst_2>, number of controlling flip flops: 136
Enable signal <vic_inst/vic_sprites/n6340>, number of controlling flip flops: 1
Enable signal <vic_inst/vic_sprites/n6830>, number of controlling flip flops: 1
Enable signal <vic_inst/vic_sprites/n6348>, number of controlling flip flops: 216
Enable signal <ceg_net546>, number of controlling flip flops: 8
Enable signal <ceg_net551>, number of controlling flip flops: 1
Enable signal <ceg_net556>, number of controlling flip flops: 1
Enable signal <ceg_net561>, number of controlling flip flops: 1
Enable signal <ceg_net566>, number of controlling flip flops: 1
Enable signal <ceg_net571>, number of controlling flip flops: 1
Enable signal <ceg_net648>, number of controlling flip flops: 6
Enable signal <ceg_net690>, number of controlling flip flops: 6
Enable signal <ceg_net732>, number of controlling flip flops: 6
Enable signal <ceg_net767>, number of controlling flip flops: 6
Enable signal <ceg_net802>, number of controlling flip flops: 6
Enable signal <ceg_net858>, number of controlling flip flops: 6
Enable signal <ceg_net900>, number of controlling flip flops: 6
Enable signal <ceg_net903>, number of controlling flip flops: 1
Enable signal <ceg_net908>, number of controlling flip flops: 1
Enable signal <ceg_net912>, number of controlling flip flops: 1
Enable signal <ceg_net916>, number of controlling flip flops: 1
Enable signal <ceg_net920>, number of controlling flip flops: 1
Enable signal <ceg_net924>, number of controlling flip flops: 1
Enable signal <ceg_net928>, number of controlling flip flops: 1
Enable signal <ceg_net932>, number of controlling flip flops: 1
Enable signal <ceg_net936>, number of controlling flip flops: 1
Enable signal <ceg_net940>, number of controlling flip flops: 1
Enable signal <ceg_net944>, number of controlling flip flops: 1
Enable signal <ceg_net948>, number of controlling flip flops: 1
Enable signal <ceg_net952>, number of controlling flip flops: 1
Enable signal <ceg_net956>, number of controlling flip flops: 1
Enable signal <vic_inst/vic_sprites/n6714>, number of controlling flip flops: 1
Enable signal <vic_inst/vic_sprites/n6715>, number of controlling flip flops: 1
Enable signal <vic_inst/vic_sprites/n6716>, number of controlling flip flops: 1
Enable signal <vic_inst/vic_sprites/n6717>, number of controlling flip flops: 1
Enable signal <vic_inst/vic_sprites/n6718>, number of controlling flip flops: 1
Enable signal <vic_inst/vic_sprites/n6719>, number of controlling flip flops: 1
Enable signal <vic_inst/vic_sprites/n6720>, number of controlling flip flops: 1
Enable signal <vic_inst/vic_sprites/n6721>, number of controlling flip flops: 1
Enable signal <vic_inst/vic_sprites/n6722>, number of controlling flip flops: 1
Enable signal <vic_inst/vic_sprites/n6723>, number of controlling flip flops: 1
Enable signal <vic_inst/vic_sprites/n6724>, number of controlling flip flops: 1
Enable signal <vic_inst/vic_sprites/n6725>, number of controlling flip flops: 1
Enable signal <vic_inst/vic_sprites/n6726>, number of controlling flip flops: 1
Enable signal <vic_inst/vic_sprites/n6727>, number of controlling flip flops: 1
Enable signal <ceg_net996>, number of controlling flip flops: 1
Enable signal <ceg_net1001>, number of controlling flip flops: 1
Enable signal <ceg_net1006>, number of controlling flip flops: 1
Enable signal <ceg_net1011>, number of controlling flip flops: 1
Enable signal <ceg_net1016>, number of controlling flip flops: 1
Enable signal <ceg_net1021>, number of controlling flip flops: 1
Enable signal <ceg_net1026>, number of controlling flip flops: 1
Enable signal <vic_inst/vic_bus_access/n985>, number of controlling flip flops: 6
Enable signal <vic_inst/vic_bus_access/n186>, number of controlling flip flops: 20
Enable signal <ceg_net3946>, number of controlling flip flops: 8
Enable signal <ceg_net3978>, number of controlling flip flops: 8
Enable signal <ceg_net4010>, number of controlling flip flops: 8
Enable signal <ceg_net4042>, number of controlling flip flops: 8
Enable signal <ceg_net4074>, number of controlling flip flops: 8
Enable signal <ceg_net4106>, number of controlling flip flops: 8
Enable signal <ceg_net4138>, number of controlling flip flops: 8
Enable signal <ceg_net4170>, number of controlling flip flops: 8
Enable signal <ceg_net4185>, number of controlling flip flops: 12
Enable signal <vic_inst/phi_phase_start[4]_2>, number of controlling flip flops: 65
Enable signal <vic_inst/phi_phase_start[6]_2>, number of controlling flip flops: 1
Enable signal <vic_inst/phi_phase_start[7]_2>, number of controlling flip flops: 1
Enable signal <vic_inst/vic_addressgen/pal_sr[3]_2>, number of controlling flip flops: 1
Enable signal <vic_inst/vic_addressgen/ntsc_sr[3]_2>, number of controlling flip flops: 1
Enable signal <vic_inst/vic_addressgen/pal_sr[2]_2>, number of controlling flip flops: 1
Enable signal <vic_inst/vic_addressgen/ntsc_sr[2]_2>, number of controlling flip flops: 1
Enable signal <ceg_net1434>, number of controlling flip flops: 8
Enable signal <vic_inst/vic_hires_addressgen/n273>, number of controlling flip flops: 8
Enable signal <vic_inst/vic_hires_addressgen/n274>, number of controlling flip flops: 8
Enable signal <ceg_net1552>, number of controlling flip flops: 16
Enable signal <~ceg_net1557>, number of controlling flip flops: 83
Enable signal <ceg_net1648>, number of controlling flip flops: 16
Enable signal <ceg_net1777>, number of controlling flip flops: 1
Enable signal <vic_inst/vic_registers/n40192>, number of controlling flip flops: 9
Enable signal <ceg_net2122>, number of controlling flip flops: 16
Enable signal <ceg_net5182>, number of controlling flip flops: 8
Enable signal <ceg_net4216>, number of controlling flip flops: 15
Enable signal <ceg_net4223>, number of controlling flip flops: 2
Enable signal <ceg_net4497>, number of controlling flip flops: 3
Enable signal <vic_inst/vic_registers/n26406>, number of controlling flip flops: 1
Enable signal <ceg_net1764>, number of controlling flip flops: 1
Enable signal <vic_inst/vic_registers/n38337>, number of controlling flip flops: 1
Enable signal <vic_inst/vic_registers/n26411>, number of controlling flip flops: 1
Enable signal <ceg_net5400>, number of controlling flip flops: 1
Enable signal <ceg_net5190>, number of controlling flip flops: 1
Enable signal <ceg_net5405>, number of controlling flip flops: 1
Enable signal <ceg_net5275>, number of controlling flip flops: 16
Enable signal <ceg_net1801>, number of controlling flip flops: 1
Enable signal <ceg_net4258>, number of controlling flip flops: 8
Enable signal <ceg_net2373>, number of controlling flip flops: 2
Enable signal <ceg_net4661>, number of controlling flip flops: 2
Enable signal <ceg_net5290>, number of controlling flip flops: 6
Enable signal <ceg_net2421>, number of controlling flip flops: 2
Enable signal <vic_inst/vic_registers/n28504>, number of controlling flip flops: 2
Enable signal <ceg_net4700>, number of controlling flip flops: 2
Enable signal <vic_inst/vic_registers/n28510>, number of controlling flip flops: 8
Enable signal <ceg_net2474>, number of controlling flip flops: 16
Enable signal <ceg_net4728>, number of controlling flip flops: 8
Enable signal <ceg_net1843>, number of controlling flip flops: 1
Enable signal <ceg_net2533>, number of controlling flip flops: 20
Enable signal <vic_inst/vic_registers/n38588>, number of controlling flip flops: 8
Enable signal <vic_inst/vic_registers/n28513>, number of controlling flip flops: 32
Enable signal <ceg_net1850>, number of controlling flip flops: 1
Enable signal <ceg_net2605>, number of controlling flip flops: 8
Enable signal <ceg_net2637>, number of controlling flip flops: 8
Enable signal <ceg_net1878>, number of controlling flip flops: 1
Enable signal <ceg_net2646>, number of controlling flip flops: 4
Enable signal <ceg_net2658>, number of controlling flip flops: 4
Enable signal <ceg_net1889>, number of controlling flip flops: 1
Enable signal <ceg_net1893>, number of controlling flip flops: 5
Enable signal <ceg_net1913>, number of controlling flip flops: 1
Enable signal <ceg_net1917>, number of controlling flip flops: 1
Enable signal <ceg_net1921>, number of controlling flip flops: 1
Enable signal <vic_inst/vic_registers/n28518>, number of controlling flip flops: 6
Enable signal <ceg_net1925>, number of controlling flip flops: 1
Enable signal <vic_inst/vic_registers/n28524>, number of controlling flip flops: 4
Enable signal <ceg_net4280>, number of controlling flip flops: 1
Enable signal <ceg_net1937>, number of controlling flip flops: 2
Enable signal <vic_inst/vic_registers/n41190>, number of controlling flip flops: 4
Enable signal <ceg_net1940>, number of controlling flip flops: 1
Enable signal <vic_inst/vic_registers/n41361>, number of controlling flip flops: 4
Enable signal <vic_inst/vic_registers/n41379>, number of controlling flip flops: 4
Enable signal <vic_inst/vic_registers/n41394>, number of controlling flip flops: 4
Enable signal <vic_inst/vic_registers/n41403>, number of controlling flip flops: 4
Enable signal <vic_inst/vic_registers/n41418>, number of controlling flip flops: 4
Enable signal <vic_inst/vic_registers/n41468>, number of controlling flip flops: 8
Enable signal <vic_inst/vic_registers/n41471>, number of controlling flip flops: 8
Enable signal <vic_inst/vic_registers/n41524>, number of controlling flip flops: 8
Enable signal <vic_inst/vic_registers/n41527>, number of controlling flip flops: 7
Enable signal <vic_inst/vic_registers/n39309>, number of controlling flip flops: 5
Enable signal <vic_inst/vic_registers/n41574>, number of controlling flip flops: 8
Enable signal <vic_inst/vic_registers/n41580>, number of controlling flip flops: 6
Enable signal <vic_inst/vic_registers/n41642>, number of controlling flip flops: 8
Enable signal <vic_inst/vic_registers/n41684>, number of controlling flip flops: 8
Enable signal <vic_inst/vic_registers/n39391>, number of controlling flip flops: 8
Enable signal <vic_inst/vic_registers/n41720>, number of controlling flip flops: 8
Enable signal <vic_inst/vic_registers/n42262>, number of controlling flip flops: 8
Enable signal <vic_inst/vic_registers/n36767>, number of controlling flip flops: 2
Enable signal <vic_inst/vic_registers/n38572>, number of controlling flip flops: 8
Enable signal <ceg_net4284>, number of controlling flip flops: 1
Enable signal <vic_inst/vic_registers/n40222>, number of controlling flip flops: 8
Enable signal <vic_inst/vic_registers/n40224>, number of controlling flip flops: 2
Enable signal <ceg_net2662>, number of controlling flip flops: 8
Enable signal <ceg_net1953>, number of controlling flip flops: 8
Enable signal <vic_inst/vic_registers/n38610>, number of controlling flip flops: 6
Enable signal <ceg_net1957>, number of controlling flip flops: 28
Enable signal <ceg_net1961>, number of controlling flip flops: 29
Enable signal <ceg_net2946>, number of controlling flip flops: 16
Enable signal <ceg_net2958>, number of controlling flip flops: 2
Enable signal <ceg_net3070>, number of controlling flip flops: 32
Enable signal <ceg_net4290>, number of controlling flip flops: 1
Enable signal <ceg_net1988>, number of controlling flip flops: 1
Enable signal <vic_inst/vic_registers/n38630>, number of controlling flip flops: 8
Enable signal <ceg_net1996>, number of controlling flip flops: 1
Enable signal <vic_inst/vic_registers/n38636>, number of controlling flip flops: 46
Enable signal <ceg_net2000>, number of controlling flip flops: 1
Enable signal <vic_inst/vic_registers/n38646>, number of controlling flip flops: 34
Enable signal <ceg_net3086>, number of controlling flip flops: 3
Enable signal <ceg_net2008>, number of controlling flip flops: 1
Enable signal <ceg_net2012>, number of controlling flip flops: 1
Enable signal <ceg_net2015>, number of controlling flip flops: 1
Enable signal <vic_inst/vic_registers/n28616>, number of controlling flip flops: 24
Enable signal <ceg_net2019>, number of controlling flip flops: 1
Enable signal <ceg_net2023>, number of controlling flip flops: 1
Enable signal <ceg_net2027>, number of controlling flip flops: 1
Enable signal <ceg_net2030>, number of controlling flip flops: 18
Enable signal <ceg_net2034>, number of controlling flip flops: 1
Enable signal <ceg_net2038>, number of controlling flip flops: 1
Enable signal <ceg_net2042>, number of controlling flip flops: 1
Enable signal <ceg_net5302>, number of controlling flip flops: 3
Enable signal <vic_inst/vic_registers/n28620>, number of controlling flip flops: 3
Enable signal <ceg_net5215>, number of controlling flip flops: 1
Enable signal <ceg_net4308>, number of controlling flip flops: 9
Enable signal <ceg_net4808>, number of controlling flip flops: 10
Enable signal <ceg_net4904>, number of controlling flip flops: 42
Enable signal <ceg_net5307>, number of controlling flip flops: 2
Enable signal <ceg_net5225>, number of controlling flip flops: 9
Enable signal <ceg_net5352>, number of controlling flip flops: 2
Enable signal <ceg_net5425>, number of controlling flip flops: 3
Enable signal <ceg_net4351>, number of controlling flip flops: 8
Enable signal <ceg_net5368>, number of controlling flip flops: 8
Enable signal <ceg_net5120>, number of controlling flip flops: 8
Enable signal <vic_inst/vic_registers/n39034>, number of controlling flip flops: 1
Enable signal <ceg_net5260>, number of controlling flip flops: 7
Enable signal <vic_inst/vic_registers/n41214>, number of controlling flip flops: 4
Enable signal <vic_inst/vic_registers/n41234>, number of controlling flip flops: 4
Enable signal <vic_inst/vic_registers/n41258>, number of controlling flip flops: 4
Enable signal <vic_inst/vic_registers/n41290>, number of controlling flip flops: 4
Enable signal <vic_inst/vic_registers/n41314>, number of controlling flip flops: 4
Enable signal <vic_inst/vic_registers/n41334>, number of controlling flip flops: 4
Enable signal <vic_inst/vic_registers/n41346>, number of controlling flip flops: 4
Enable signal <vic_inst/vic_registers/n41912>, number of controlling flip flops: 8
Enable signal <vic_inst/vic_registers/n41747>, number of controlling flip flops: 8
Enable signal <vic_inst/vic_registers/n41798>, number of controlling flip flops: 8
Enable signal <vic_inst/vic_registers/n41825>, number of controlling flip flops: 8
Enable signal <vic_inst/vic_registers/n41852>, number of controlling flip flops: 8
Enable signal <vic_inst/vic_registers/n41879>, number of controlling flip flops: 8
Enable signal <vic_inst/vic_registers/n41906>, number of controlling flip flops: 8
Enable signal <vic_inst/vic_registers/n39645>, number of controlling flip flops: 8
Enable signal <vic_inst/vic_registers/n41966>, number of controlling flip flops: 8
Enable signal <vic_inst/vic_registers/n42006>, number of controlling flip flops: 8
Enable signal <vic_inst/vic_registers/n42046>, number of controlling flip flops: 8
Enable signal <vic_inst/vic_registers/n42062>, number of controlling flip flops: 8
Enable signal <vic_inst/vic_registers/n42102>, number of controlling flip flops: 8
Enable signal <vic_inst/vic_registers/n42118>, number of controlling flip flops: 8
Enable signal <vic_inst/vic_registers/n42134>, number of controlling flip flops: 8
Enable signal <vic_inst/vic_registers/n40148>, number of controlling flip flops: 8
Enable signal <vic_inst/vic_registers/n40208>, number of controlling flip flops: 8
Enable signal <ceg_net5429>, number of controlling flip flops: 2
Enable signal <vic_inst/vic_pixel_sequencer/n319>, number of controlling flip flops: 41
Enable signal <vic_inst/vic_pixel_sequencer/n1024>, number of controlling flip flops: 3
Enable signal <vic_inst/dot_rising[2]_2>, number of controlling flip flops: 24
Enable signal <vic_inst/vic_pixel_sequencer/n1164>, number of controlling flip flops: 11
Enable signal <ceg_net3600>, number of controlling flip flops: 3
Enable signal <vic_inst/vic_pixel_sequencer/n1038>, number of controlling flip flops: 1
Enable signal <~ceg_net67>, number of controlling flip flops: 8
Enable signal <vic_inst/vic_hires_pixel_sequencer/n279>, number of controlling flip flops: 26
Enable signal <ceg_net5136>, number of controlling flip flops: 7
Enable signal <ceg_net5180>, number of controlling flip flops: 4
Enable signal <ceg_net3615>, number of controlling flip flops: 4
Enable signal <vic_inst/vic_hires_pixel_sequencer/n1107>, number of controlling flip flops: 1
Enable signal <ceg_net3616>, number of controlling flip flops: 1
Enable signal <vic_inst/vic_comp_sync/not_equal_175/n17>, number of controlling flip flops: 1
Enable signal <vic_inst/vic_comp_sync/in_burst_2>, number of controlling flip flops: 8
Enable signal <vic_inst/vic_comp_sync/n534>, number of controlling flip flops: 1
Enable signal <ceg_net3870>, number of controlling flip flops: 23
Enable signal <vic_inst/vic_vga_sync/n1504>, number of controlling flip flops: 11
Enable signal <vic_inst/vic_vga_sync/n1505>, number of controlling flip flops: 10
Enable signal <vic_inst/vic_vga_sync/n1508>, number of controlling flip flops: 2
### ### EFX_FF CE enables (end) ### ### ###

### ### EFX_FF SR set/reset (begin) ### ### ###
Total number of enable signals: 30
SR signal <rst_2>, number of controlling flip flops: 244
SR signal <vic_inst/equal_81/n17>, number of controlling flip flops: 1
SR signal <vic_inst/irst_clr>, number of controlling flip flops: 1
SR signal <vic_inst/vic_lightpen/n119>, number of controlling flip flops: 1
SR signal <vic_inst/vic_lightpen/n14>, number of controlling flip flops: 1
SR signal <vic_inst/vic_sprites/n6891>, number of controlling flip flops: 1
SR signal <vic_inst/vic_sprites/n6998>, number of controlling flip flops: 1
SR signal <vic_inst/vic_sprites/n7000>, number of controlling flip flops: 1
SR signal <vic_inst/vic_sprites/n7002>, number of controlling flip flops: 1
SR signal <vic_inst/vic_sprites/n7004>, number of controlling flip flops: 1
SR signal <vic_inst/vic_sprites/n7006>, number of controlling flip flops: 1
SR signal <vic_inst/vic_sprites/n7008>, number of controlling flip flops: 1
SR signal <vic_inst/vic_sprites/n7010>, number of controlling flip flops: 1
SR signal <vic_inst/phi_phase_start[0]_2>, number of controlling flip flops: 2
SR signal <vic_inst/phi_phase_start[1]_2>, number of controlling flip flops: 1
SR signal <vic_inst/vic_addressgen/pal_sr[1]_2>, number of controlling flip flops: 1
SR signal <vic_inst/vic_addressgen/ntsc_sr[1]_2>, number of controlling flip flops: 1
SR signal <vic_inst/vic_addressgen/pal_sr[0]_2>, number of controlling flip flops: 1
SR signal <vic_inst/vic_addressgen/ntsc_sr[0]_2>, number of controlling flip flops: 1
SR signal <~ceg_net1557>, number of controlling flip flops: 82
SR signal <vic_inst/vic_registers/n28516>, number of controlling flip flops: 1
SR signal <active>, number of controlling flip flops: 15
SR signal <vic_inst/vic_registers/n41143>, number of controlling flip flops: 3
SR signal <vic_inst/vic_comp_sync/n460>, number of controlling flip flops: 12
SR signal <vic_inst/vic_registers/chip[0]~FF_frt_4_q_pinv>, number of controlling flip flops: 1
SR signal <vic_inst/vic_comp_sync/n541>, number of controlling flip flops: 2
SR signal <vic_inst/vic_comp_sync/vSync_16_2>, number of controlling flip flops: 4
SR signal <vic_inst/vic_comp_sync/native_active_16_2>, number of controlling flip flops: 4
SR signal <vic_inst/vic_comp_sync/equal_205/n7>, number of controlling flip flops: 6
SR signal <vic_inst/enable_csync_2>, number of controlling flip flops: 1
### ### EFX_FF SR set/reset (end) ### ### ###

### ### Sequential Elements Trimming Report (begin) ### ### ### 
FF Output: vic_inst/hires_fvc[0](=0)
FF Output: vic_inst/vic_registers/s_divider/divider_copy[31](=0)
FF Output: vic_inst/vic_registers/u_divider/divider_copy[31](=0)
FF Output: vic_inst/vic_registers/u_divider/negative_output(=0)
FF Output: vic_inst/vic_pixel_sequencer/pixels_shifting[0](=0)
FF Output: vic_inst/vic_vga_sync/ha_end[0](=0)
FF Output: vic_inst/vic_vga_sync/hs_sta[0](=0)
FF Output: vic_inst/vic_vga_sync/ha_sta[0](=0)
FF Output: vic_inst/vic_vga_sync/ha_end[10](=0)
FF Output: vic_inst/vic_vga_sync/hs_sta[5](=0)
FF Output: vic_inst/vic_vga_sync/hs_sta[6](=0)
FF Output: vic_inst/vic_vga_sync/hs_sta[7](=0)
FF Output: vic_inst/vic_vga_sync/hs_sta[8](=0)
FF Output: vic_inst/vic_vga_sync/hs_sta[9](=0)
FF Output: vic_inst/vic_vga_sync/hs_sta[10](=0)
FF Output: vic_inst/vic_vga_sync/hs_end[2](=0)
FF Output: vic_inst/vic_vga_sync/hs_end[3](=0)
FF Output: vic_inst/vic_vga_sync/hs_end[7](=0)
FF Output: vic_inst/vic_vga_sync/hs_end[8](=0)
FF Output: vic_inst/vic_vga_sync/hs_end[9](=0)
FF Output: vic_inst/vic_vga_sync/hs_end[10](=0)
FF Output: vic_inst/vic_vga_sync/ha_sta[8](=0)
FF Output: vic_inst/vic_vga_sync/ha_sta[9](=0)
FF Output: vic_inst/vic_vga_sync/ha_sta[10](=0)
FF Output: vic_inst/vic_vga_sync/va_end[7](=0)
FF Output: vic_inst/vic_vga_sync/vs_sta[7](=0)
FF Output: vic_inst/vic_vga_sync/vs_end[7](=0)
FF Output: vic_inst/vic_vga_sync/va_sta[7](=0)
FF Output: vic_inst/vic_vga_sync/max_height[7](=0)
FF instance: vic_inst/vic_registers/eeprom_w_addr[8]~FF(unreachable)
FF instance: vic_inst/vic_registers/eeprom_w_addr[9]~FF(unreachable)
FF instance: vic_inst/vic_registers/vic_inst/dma_addr[14]~FF(unreachable)
FF instance: vic_inst/vic_registers/vic_inst/dma_addr[15]~FF(unreachable)
### ### Sequential Elements Trimming Report (end) ### ### ### 

### ### Module Resource Usage Distribution Estimates (begin) ### ###

**Note: some resources maybe grouped under different hierarchy due to optimization and LUT mapping

Module                                                     FFs        ADDs        LUTs      RAMs DSP/MULTs
--------------------------------------------------         ---        ----        ----      ---- ---------
top:top                                                3273(6)      253(0)     8063(1)    138(0)      5(0)
+vic_inst:vicii                                       3267(90)      253(2)   8062(162)    138(0)      5(0)
 +vic_border:border                                       3(3)        0(0)        5(5)      0(0)      0(0)
 +vic_lightpen:lightpen                                 21(21)        0(0)      17(17)      0(0)      0(0)
 +vic_raster:raster                                     66(66)        0(0)    376(376)      0(0)      0(0)
 +vic_matrix:matrix                                     24(24)        0(0)      55(55)      0(0)      0(0)
 +vic_hires_matrix:hires_matrix                         48(48)        0(0)    122(122)      0(0)      0(0)
 +vic_cycles:cycles                                     13(13)        0(0)    216(216)      0(0)      0(0)
 +vic_sprites:sprites                                 835(835)        0(0)  1336(1336)      0(0)      0(0)
 +vic_bus_access:bus_access                           102(102)        0(0)    101(101)      1(1)      0(0)
 +vic_addressgen:addressgen                             91(91)        0(0)      31(31)      0(0)      0(0)
 +vic_hires_addressgen:hires_addressgen                 33(33)        0(0)    103(103)      0(0)      0(0)
 +vic_registers:registers                           1356(1209)    251(185)  4098(3721)    133(0)      5(5)
  +video_ram:VIDEO_RAM                                    0(0)        0(0)    224(107)    128(0)      0(0)
   +video_ram_0:VIDEO_RAM_EF                              0(0)        0(0)      18(18)    16(16)      0(0)
   +video_ram_1:VIDEO_RAM_EF                              0(0)        0(0)      12(12)    16(16)      0(0)
   +video_ram_2:VIDEO_RAM_EF                              0(0)        0(0)      14(14)    16(16)      0(0)
   +video_ram_3:VIDEO_RAM_EF                              0(0)        0(0)      18(18)    16(16)      0(0)
   +video_ram_4:VIDEO_RAM_EF                              0(0)        0(0)      21(21)    16(16)      0(0)
   +video_ram_5:VIDEO_RAM_EF                              0(0)        0(0)        8(8)    16(16)      0(0)
   +video_ram_6:VIDEO_RAM_EF                              0(0)        0(0)      17(17)    16(16)      0(0)
   +video_ram_7:VIDEO_RAM_EF                              0(0)        0(0)        9(9)    16(16)      0(0)
  +color_regs:COLOR_REGS                                  0(0)        0(0)        0(0)      3(3)      0(0)
  +luma_regs:LUMA_REGS                                    0(0)        0(0)        0(0)      2(2)      0(0)
  +u_divider:divide                                     63(63)      33(33)      48(48)      0(0)      0(0)
  +s_divider:divide                                     84(84)      33(33)    105(105)      0(0)      0(0)
 +vic_pixel_sequencer:pixel_sequencer                 220(220)        0(0)    119(119)      0(0)      0(0)
 +vic_hires_pixel_sequencer:hires_pixel_sequencer     150(150)        0(0)      94(94)      0(0)      0(0)
 +vic_comp_sync:comp_sync                             159(157)        0(0)  1051(1049)      0(0)      0(0)
  +ueqp1:EqualizationPulse                                1(1)        0(0)        1(1)      0(0)      0(0)
  +usep1:SerrationPulse                                   1(1)        0(0)        1(1)      0(0)      0(0)
 +vic_vga_sync:hires_vga_sync                           56(56)        0(0)    176(176)      4(0)      0(0)
  +line_buf_0:linebuf_RAM                                 0(0)        0(0)        0(0)      2(2)      0(0)
  +line_buf_1:linebuf_RAM                                 0(0)        0(0)        0(0)      2(2)      0(0)

### ### Module Resource Usage Distribution Estimates (end) ### ###

### ### Clock Load Distribution Report (begin) ### ###

           Clock     Flip-Flops   Memory Ports    Multipliers
           -----     ----------   ------------    -----------
  clk_dot4x_ntsc              1              0              0
   clk_dot4x_pal              1              0              0
 clk_col16x_ntsc              1              0              0
  clk_col16x_pal              1              0              0
             n12           3054            276              3
             n18             68              0              0
             n16            147              0              0

### ### Clock Load Distribution Report (end) ### ###

### ### EFX Flow Options (begin) ### ### ###

family : Trion
device : T20F256
project : vicii
project-xml : /shared/Vivado/vicii-kawari/boards/rev_4G/vicii.xml
root : top
output-dir : outflow
work-dir : work_syn
write-efx-verilog : outflow/vicii.map.v
binary-db : vicii.vdb
insert-ios : 0
max-carry-cascade : 240
max_mult : -1
max_ram : -1
mode : speed
veri_options : verilog_mode=verilog_2k,vhdl_mode=vhdl_2008

### ### EFX Flow Options (end) ### ### ###

### ### Resource Summary (begin) ### ### ### 
INPUT  PORTS    : 	34
OUTPUT PORTS    : 	84

EFX_ADD         : 	253
EFX_LUT4        : 	8063
   1-2  Inputs  : 	1256
   3    Inputs  : 	2507
   4    Inputs  : 	4300
EFX_MULT        : 	5
EFX_FF          : 	3273
EFX_RAM_5K      : 	5
EFX_DPRAM_5K    : 	133
EFX_GBUFCE      : 	7
### ### Resource Summary (end) ### ### ###

Plain synthesis (without verilog dump and post-map checks) time : 90s
Elapsed synthesis time : 100s
