
///////////////////////////////////
// Efinity Synthesis Started 
// Jan 19, 2025 14:45:47
///////////////////////////////////

[EFX-0034 WARNING] Project XML file specified. Source files specified in the command line are ignored.
[EFX-0011 VERI-WARNING] actual bit length 32 differs from formal bit length 1 for port 'we_a' (VERI-1330) (/shared/Vivado/vicii-kawari/hdl/videoram_efinix.v:96)
[EFX-0011 VERI-WARNING] actual bit length 16 differs from formal bit length 13 for port 'addr_a' (VERI-1330) (/shared/Vivado/vicii-kawari/hdl/videoram_efinix.v:97)
[EFX-0011 VERI-WARNING] actual bit length 32 differs from formal bit length 1 for port 'we_b' (VERI-1330) (/shared/Vivado/vicii-kawari/hdl/videoram_efinix.v:100)
[EFX-0011 VERI-WARNING] actual bit length 16 differs from formal bit length 13 for port 'addr_b' (VERI-1330) (/shared/Vivado/vicii-kawari/hdl/videoram_efinix.v:101)
[EFX-0011 VERI-WARNING] actual bit length 32 differs from formal bit length 1 for port 'we_a' (VERI-1330) (/shared/Vivado/vicii-kawari/hdl/videoram_efinix.v:109)
[EFX-0011 VERI-WARNING] actual bit length 16 differs from formal bit length 13 for port 'addr_a' (VERI-1330) (/shared/Vivado/vicii-kawari/hdl/videoram_efinix.v:110)
[EFX-0011 VERI-WARNING] actual bit length 32 differs from formal bit length 1 for port 'we_b' (VERI-1330) (/shared/Vivado/vicii-kawari/hdl/videoram_efinix.v:113)
[EFX-0011 VERI-WARNING] actual bit length 16 differs from formal bit length 13 for port 'addr_b' (VERI-1330) (/shared/Vivado/vicii-kawari/hdl/videoram_efinix.v:114)
[EFX-0011 VERI-WARNING] actual bit length 32 differs from formal bit length 1 for port 'we_a' (VERI-1330) (/shared/Vivado/vicii-kawari/hdl/videoram_efinix.v:123)
[EFX-0011 VERI-WARNING] actual bit length 16 differs from formal bit length 13 for port 'addr_a' (VERI-1330) (/shared/Vivado/vicii-kawari/hdl/videoram_efinix.v:124)
[EFX-0011 VERI-WARNING] actual bit length 32 differs from formal bit length 1 for port 'we_b' (VERI-1330) (/shared/Vivado/vicii-kawari/hdl/videoram_efinix.v:127)
[EFX-0011 VERI-WARNING] actual bit length 16 differs from formal bit length 13 for port 'addr_b' (VERI-1330) (/shared/Vivado/vicii-kawari/hdl/videoram_efinix.v:128)
[EFX-0011 VERI-WARNING] actual bit length 32 differs from formal bit length 1 for port 'we_a' (VERI-1330) (/shared/Vivado/vicii-kawari/hdl/videoram_efinix.v:137)
[EFX-0011 VERI-WARNING] actual bit length 16 differs from formal bit length 13 for port 'addr_a' (VERI-1330) (/shared/Vivado/vicii-kawari/hdl/videoram_efinix.v:138)
[EFX-0011 VERI-WARNING] actual bit length 32 differs from formal bit length 1 for port 'we_b' (VERI-1330) (/shared/Vivado/vicii-kawari/hdl/videoram_efinix.v:141)
[EFX-0011 VERI-WARNING] actual bit length 16 differs from formal bit length 13 for port 'addr_b' (VERI-1330) (/shared/Vivado/vicii-kawari/hdl/videoram_efinix.v:142)
[EFX-0011 VERI-WARNING] actual bit length 32 differs from formal bit length 1 for port 'we_a' (VERI-1330) (/shared/Vivado/vicii-kawari/hdl/videoram_efinix.v:153)
[EFX-0011 VERI-WARNING] actual bit length 16 differs from formal bit length 13 for port 'addr_a' (VERI-1330) (/shared/Vivado/vicii-kawari/hdl/videoram_efinix.v:154)
[EFX-0011 VERI-WARNING] actual bit length 32 differs from formal bit length 1 for port 'we_b' (VERI-1330) (/shared/Vivado/vicii-kawari/hdl/videoram_efinix.v:157)
[EFX-0011 VERI-WARNING] actual bit length 16 differs from formal bit length 13 for port 'addr_b' (VERI-1330) (/shared/Vivado/vicii-kawari/hdl/videoram_efinix.v:158)
[EFX-0011 VERI-WARNING] actual bit length 32 differs from formal bit length 1 for port 'we_a' (VERI-1330) (/shared/Vivado/vicii-kawari/hdl/videoram_efinix.v:167)
[EFX-0011 VERI-WARNING] actual bit length 16 differs from formal bit length 13 for port 'addr_a' (VERI-1330) (/shared/Vivado/vicii-kawari/hdl/videoram_efinix.v:168)
[EFX-0011 VERI-WARNING] actual bit length 32 differs from formal bit length 1 for port 'we_b' (VERI-1330) (/shared/Vivado/vicii-kawari/hdl/videoram_efinix.v:171)
[EFX-0011 VERI-WARNING] actual bit length 16 differs from formal bit length 13 for port 'addr_b' (VERI-1330) (/shared/Vivado/vicii-kawari/hdl/videoram_efinix.v:172)
[EFX-0011 VERI-WARNING] actual bit length 32 differs from formal bit length 1 for port 'we_a' (VERI-1330) (/shared/Vivado/vicii-kawari/hdl/videoram_efinix.v:181)
[EFX-0011 VERI-WARNING] actual bit length 16 differs from formal bit length 13 for port 'addr_a' (VERI-1330) (/shared/Vivado/vicii-kawari/hdl/videoram_efinix.v:182)
[EFX-0011 VERI-WARNING] actual bit length 32 differs from formal bit length 1 for port 'we_b' (VERI-1330) (/shared/Vivado/vicii-kawari/hdl/videoram_efinix.v:185)
[EFX-0011 VERI-WARNING] actual bit length 16 differs from formal bit length 13 for port 'addr_b' (VERI-1330) (/shared/Vivado/vicii-kawari/hdl/videoram_efinix.v:186)
[EFX-0011 VERI-WARNING] actual bit length 32 differs from formal bit length 1 for port 'we_a' (VERI-1330) (/shared/Vivado/vicii-kawari/hdl/videoram_efinix.v:194)
[EFX-0011 VERI-WARNING] actual bit length 16 differs from formal bit length 13 for port 'addr_a' (VERI-1330) (/shared/Vivado/vicii-kawari/hdl/videoram_efinix.v:195)
[EFX-0011 VERI-WARNING] actual bit length 32 differs from formal bit length 1 for port 'we_b' (VERI-1330) (/shared/Vivado/vicii-kawari/hdl/videoram_efinix.v:198)
[EFX-0011 VERI-WARNING] actual bit length 16 differs from formal bit length 13 for port 'addr_b' (VERI-1330) (/shared/Vivado/vicii-kawari/hdl/videoram_efinix.v:199)
[EFX-0011 VERI-WARNING] system task 'display' is ignored for synthesis (VERI-1142) (/shared/Vivado/vicii-kawari/hdl/registers_eeprom.vi:116)
[EFX-0011 VERI-WARNING] system task 'display' is ignored for synthesis (VERI-1142) (/shared/Vivado/vicii-kawari/hdl/registers_eeprom.vi:127)
[EFX-0011 VERI-WARNING] system task 'display' is ignored for synthesis (VERI-1142) (/shared/Vivado/vicii-kawari/hdl/registers_eeprom.vi:280)
[EFX-0011 VERI-WARNING] expression size 4 truncated to fit in target size 3 (VERI-1209) (/shared/Vivado/vicii-kawari/hdl/registers_eeprom.vi:284)
[EFX-0011 VERI-WARNING] expression size 4 truncated to fit in target size 3 (VERI-1209) (/shared/Vivado/vicii-kawari/hdl/registers_eeprom.vi:289)
[EFX-0011 VERI-WARNING] expression size 4 truncated to fit in target size 3 (VERI-1209) (/shared/Vivado/vicii-kawari/hdl/registers_eeprom.vi:294)
[EFX-0011 VERI-WARNING] expression size 4 truncated to fit in target size 3 (VERI-1209) (/shared/Vivado/vicii-kawari/hdl/registers_eeprom.vi:299)
[EFX-0011 VERI-WARNING] system task 'display' is ignored for synthesis (VERI-1142) (/shared/Vivado/vicii-kawari/hdl/registers_eeprom.vi:331)
[EFX-0011 VERI-WARNING] system task 'display' is ignored for synthesis (VERI-1142) (/shared/Vivado/vicii-kawari/hdl/registers_eeprom.vi:488)
[EFX-0011 VERI-WARNING] system task 'display' is ignored for synthesis (VERI-1142) (/shared/Vivado/vicii-kawari/hdl/registers_eeprom.vi:510)
[EFX-0011 VERI-WARNING] system task 'display' is ignored for synthesis (VERI-1142) (/shared/Vivado/vicii-kawari/hdl/registers_eeprom.vi:515)
[EFX-0011 VERI-WARNING] system task 'display' is ignored for synthesis (VERI-1142) (/shared/Vivado/vicii-kawari/hdl/registers_flash.vi:54)
[EFX-0011 VERI-WARNING] system task 'display' is ignored for synthesis (VERI-1142) (/shared/Vivado/vicii-kawari/hdl/registers_flash.vi:60)
[EFX-0011 VERI-WARNING] system task 'display' is ignored for synthesis (VERI-1142) (/shared/Vivado/vicii-kawari/hdl/registers_flash.vi:69)
[EFX-0011 VERI-WARNING] expression size 9 truncated to fit in target size 8 (VERI-1209) (/shared/Vivado/vicii-kawari/hdl/registers_flash.vi:103)
[EFX-0011 VERI-WARNING] system task 'display' is ignored for synthesis (VERI-1142) (/shared/Vivado/vicii-kawari/hdl/registers_flash.vi:106)
[EFX-0011 VERI-WARNING] expression size 32 truncated to fit in target size 16 (VERI-1209) (/shared/Vivado/vicii-kawari/hdl/registers_flash.vi:133)
[EFX-0011 VERI-WARNING] expression size 9 truncated to fit in target size 8 (VERI-1209) (/shared/Vivado/vicii-kawari/hdl/registers_flash.vi:143)
[EFX-0011 VERI-WARNING] system task 'display' is ignored for synthesis (VERI-1142) (/shared/Vivado/vicii-kawari/hdl/registers_flash.vi:149)
[EFX-0011 VERI-WARNING] expression size 5 truncated to fit in target size 4 (VERI-1209) (/shared/Vivado/vicii-kawari/hdl/registers_flash.vi:157)
[EFX-0011 VERI-WARNING] expression size 25 truncated to fit in target size 24 (VERI-1209) (/shared/Vivado/vicii-kawari/hdl/registers_flash.vi:162)
[EFX-0011 VERI-WARNING] system task 'display' is ignored for synthesis (VERI-1142) (/shared/Vivado/vicii-kawari/hdl/registers_flash.vi:173)
[EFX-0011 VERI-WARNING] expression size 9 truncated to fit in target size 8 (VERI-1209) (/shared/Vivado/vicii-kawari/hdl/registers_flash.vi:177)
[EFX-0011 VERI-WARNING] expression size 17 truncated to fit in target size 16 (VERI-1209) (/shared/Vivado/vicii-kawari/hdl/registers_flash.vi:178)
[EFX-0011 VERI-WARNING] expression size 5 truncated to fit in target size 4 (VERI-1209) (/shared/Vivado/vicii-kawari/hdl/registers_flash.vi:186)
[EFX-0011 VERI-WARNING] expression size 25 truncated to fit in target size 24 (VERI-1209) (/shared/Vivado/vicii-kawari/hdl/registers_flash.vi:190)
[EFX-0011 VERI-WARNING] system task 'display' is ignored for synthesis (VERI-1142) (/shared/Vivado/vicii-kawari/hdl/registers_flash.vi:210)
[EFX-0011 VERI-WARNING] system task 'display' is ignored for synthesis (VERI-1142) (/shared/Vivado/vicii-kawari/hdl/registers_flash.vi:227)
[EFX-0011 VERI-WARNING] system task 'display' is ignored for synthesis (VERI-1142) (/shared/Vivado/vicii-kawari/hdl/registers_flash.vi:243)
[EFX-0011 VERI-WARNING] expression size 17 truncated to fit in target size 16 (VERI-1209) (/shared/Vivado/vicii-kawari/hdl/registers_flash.vi:251)
[EFX-0011 VERI-WARNING] system task 'display' is ignored for synthesis (VERI-1142) (/shared/Vivado/vicii-kawari/hdl/registers_flash.vi:267)
[EFX-0011 VERI-WARNING] system task 'display' is ignored for synthesis (VERI-1142) (/shared/Vivado/vicii-kawari/hdl/registers_flash.vi:289)
[EFX-0011 VERI-WARNING] system task 'display' is ignored for synthesis (VERI-1142) (/shared/Vivado/vicii-kawari/hdl/registers_flash.vi:305)
[EFX-0011 VERI-WARNING] expression size 17 truncated to fit in target size 16 (VERI-1209) (/shared/Vivado/vicii-kawari/hdl/registers_flash.vi:310)
[EFX-0011 VERI-WARNING] system task 'display' is ignored for synthesis (VERI-1142) (/shared/Vivado/vicii-kawari/hdl/registers_flash.vi:327)
[EFX-0011 VERI-WARNING] system task 'display' is ignored for synthesis (VERI-1142) (/shared/Vivado/vicii-kawari/hdl/registers.v:1300)
[EFX-0011 VERI-WARNING] system task 'display' is ignored for synthesis (VERI-1142) (/shared/Vivado/vicii-kawari/hdl/registers.v:1764)
[EFX-0011 VERI-WARNING] system task 'display' is ignored for synthesis (VERI-1142) (/shared/Vivado/vicii-kawari/hdl/registers.v:1766)
[EFX-0011 VERI-WARNING] system task 'display' is ignored for synthesis (VERI-1142) (/shared/Vivado/vicii-kawari/hdl/registers.v:1767)
[EFX-0011 VERI-WARNING] system task 'display' is ignored for synthesis (VERI-1142) (/shared/Vivado/vicii-kawari/hdl/registers.v:1777)
[EFX-0011 VERI-WARNING] system task 'display' is ignored for synthesis (VERI-1142) (/shared/Vivado/vicii-kawari/hdl/registers.v:1778)
[EFX-0011 VERI-WARNING] system task 'display' is ignored for synthesis (VERI-1142) (/shared/Vivado/vicii-kawari/hdl/registers.v:1803)
[EFX-0011 VERI-WARNING] system task 'display' is ignored for synthesis (VERI-1142) (/shared/Vivado/vicii-kawari/hdl/registers.v:1805)
[EFX-0011 VERI-WARNING] system task 'display' is ignored for synthesis (VERI-1142) (/shared/Vivado/vicii-kawari/hdl/registers.v:1821)
[EFX-0011 VERI-WARNING] system task 'display' is ignored for synthesis (VERI-1142) (/shared/Vivado/vicii-kawari/hdl/registers.v:1823)
[EFX-0011 VERI-WARNING] expression size 10 truncated to fit in target size 9 (VERI-1209) (/shared/Vivado/vicii-kawari/hdl/registers.v:1827)
[EFX-0011 VERI-WARNING] system task 'display' is ignored for synthesis (VERI-1142) (/shared/Vivado/vicii-kawari/hdl/registers.v:1841)
[EFX-0011 VERI-WARNING] expression size 32 truncated to fit in target size 3 (VERI-1209) (/shared/Vivado/vicii-kawari/hdl/registers.v:1859)
[EFX-0011 VERI-WARNING] system task 'display' is ignored for synthesis (VERI-1142) (/shared/Vivado/vicii-kawari/hdl/registers.v:1860)
[EFX-0011 VERI-WARNING] expression size 32 truncated to fit in target size 3 (VERI-1209) (/shared/Vivado/vicii-kawari/hdl/registers.v:1868)
[EFX-0011 VERI-WARNING] system task 'display' is ignored for synthesis (VERI-1142) (/shared/Vivado/vicii-kawari/hdl/registers.v:1869)
[EFX-0011 VERI-WARNING] expression size 32 truncated to fit in target size 3 (VERI-1209) (/shared/Vivado/vicii-kawari/hdl/registers.v:1877)
[EFX-0011 VERI-WARNING] system task 'display' is ignored for synthesis (VERI-1142) (/shared/Vivado/vicii-kawari/hdl/registers.v:1878)
[EFX-0011 VERI-WARNING] expression size 32 truncated to fit in target size 3 (VERI-1209) (/shared/Vivado/vicii-kawari/hdl/registers.v:1922)
[EFX-0011 VERI-WARNING] expression size 11 truncated to fit in target size 10 (VERI-1209) (/shared/Vivado/vicii-kawari/hdl/registers.v:1923)
[EFX-0011 VERI-WARNING] expression size 32 truncated to fit in target size 3 (VERI-1209) (/shared/Vivado/vicii-kawari/hdl/registers.v:1936)
[EFX-0011 VERI-WARNING] expression size 4 truncated to fit in target size 3 (VERI-1209) (/shared/Vivado/vicii-kawari/hdl/registers.v:1937)
[EFX-0011 VERI-WARNING] system task 'display' is ignored for synthesis (VERI-1142) (/shared/Vivado/vicii-kawari/hdl/registers.v:1938)
[EFX-0011 VERI-WARNING] system task 'display' is ignored for synthesis (VERI-1142) (/shared/Vivado/vicii-kawari/hdl/registers.v:1939)
[EFX-0011 VERI-WARNING] system task 'display' is ignored for synthesis (VERI-1142) (/shared/Vivado/vicii-kawari/hdl/registers.v:1940)
[EFX-0011 VERI-WARNING] system task 'display' is ignored for synthesis (VERI-1142) (/shared/Vivado/vicii-kawari/hdl/registers.v:1945)
[EFX-0011 VERI-WARNING] expression size 10 truncated to fit in target size 9 (VERI-1209) (/shared/Vivado/vicii-kawari/hdl/registers.v:1951)
[EFX-0011 VERI-WARNING] expression size 11 truncated to fit in target size 10 (VERI-1209) (/shared/Vivado/vicii-kawari/hdl/registers.v:1958)
[EFX-0011 VERI-WARNING] system task 'display' is ignored for synthesis (VERI-1142) (/shared/Vivado/vicii-kawari/hdl/registers.v:1959)
[EFX-0011 VERI-WARNING] system task 'display' is ignored for synthesis (VERI-1142) (/shared/Vivado/vicii-kawari/hdl/registers.v:1966)
[EFX-0011 VERI-WARNING] expression size 4 truncated to fit in target size 3 (VERI-1209) (/shared/Vivado/vicii-kawari/hdl/registers.v:1985)
[EFX-0200 WARNING] Removing redundant signal : n[31]. (/shared/Vivado/vicii-kawari/hdl/sprites.v:99)
[EFX-0200 WARNING] Removing redundant signal : n[30]. (/shared/Vivado/vicii-kawari/hdl/sprites.v:99)
[EFX-0200 WARNING] Removing redundant signal : n[29]. (/shared/Vivado/vicii-kawari/hdl/sprites.v:99)
[EFX-0200 WARNING] Removing redundant signal : n[28]. (/shared/Vivado/vicii-kawari/hdl/sprites.v:99)
[EFX-0200 WARNING] Removing redundant signal : n[27]. (/shared/Vivado/vicii-kawari/hdl/sprites.v:99)
[EFX-0200 WARNING] Removing redundant signal : n[26]. (/shared/Vivado/vicii-kawari/hdl/sprites.v:99)
[EFX-0200 WARNING] Removing redundant signal : n[25]. (/shared/Vivado/vicii-kawari/hdl/sprites.v:99)
[EFX-0200 WARNING] Removing redundant signal : n[24]. (/shared/Vivado/vicii-kawari/hdl/sprites.v:99)
[EFX-0200 WARNING] Removing redundant signal : n[23]. (/shared/Vivado/vicii-kawari/hdl/sprites.v:99)
[EFX-0200 WARNING] Removing redundant signal : n[22]. (/shared/Vivado/vicii-kawari/hdl/sprites.v:99)
[EFX-0200 WARNING] Removing redundant signal : n[21]. (/shared/Vivado/vicii-kawari/hdl/sprites.v:99)
[EFX-0200 WARNING] Removing redundant signal : n[20]. (/shared/Vivado/vicii-kawari/hdl/sprites.v:99)
[EFX-0200 WARNING] Removing redundant signal : n[19]. (/shared/Vivado/vicii-kawari/hdl/sprites.v:99)
[EFX-0200 WARNING] Removing redundant signal : n[18]. (/shared/Vivado/vicii-kawari/hdl/sprites.v:99)
[EFX-0200 WARNING] Removing redundant signal : n[17]. (/shared/Vivado/vicii-kawari/hdl/sprites.v:99)
[EFX-0200 WARNING] Removing redundant signal : n[16]. (/shared/Vivado/vicii-kawari/hdl/sprites.v:99)
[EFX-0200 WARNING] Removing redundant signal : n[15]. (/shared/Vivado/vicii-kawari/hdl/sprites.v:99)
[EFX-0200 WARNING] Removing redundant signal : n[14]. (/shared/Vivado/vicii-kawari/hdl/sprites.v:99)
[EFX-0200 WARNING] Removing redundant signal : n[13]. (/shared/Vivado/vicii-kawari/hdl/sprites.v:99)
[EFX-0200 WARNING] Removing redundant signal : n[12]. (/shared/Vivado/vicii-kawari/hdl/sprites.v:99)
[EFX-0266 WARNING] Module Instance 'video_ram' input pin tied to constant (we_b=0).
[EFX-0266 WARNING] Module Instance 'video_ram' input pin tied to constant (din_b[0]=0).
[EFX-0266 WARNING] Module Instance 'video_ram' input pin tied to constant (din_b[1]=0).
[EFX-0266 WARNING] Module Instance 'video_ram' input pin tied to constant (din_b[2]=0).
[EFX-0266 WARNING] Module Instance 'video_ram' input pin tied to constant (din_b[3]=0).
[EFX-0266 WARNING] Module Instance 'video_ram' input pin tied to constant (din_b[4]=0).
[EFX-0266 WARNING] Module Instance 'video_ram' input pin tied to constant (din_b[5]=0).
[EFX-0266 WARNING] Module Instance 'video_ram' input pin tied to constant (din_b[6]=0).
[EFX-0266 WARNING] Module Instance 'video_ram' input pin tied to constant (din_b[7]=0).
[EFX-0266 WARNING] Module Instance 'color_regs' input pin tied to constant (we_b=0).
[EFX-0266 WARNING] Module Instance 'color_regs' input pin tied to constant (addr_b[0]=0).
[EFX-0266 WARNING] Module Instance 'color_regs' input pin tied to constant (addr_b[1]=0).
[EFX-0266 WARNING] Module Instance 'color_regs' input pin tied to constant (addr_b[2]=0).
[EFX-0266 WARNING] Module Instance 'color_regs' input pin tied to constant (addr_b[3]=0).
[EFX-0266 WARNING] Module Instance 'color_regs' input pin tied to constant (din_b[0]=0).
[EFX-0266 WARNING] Module Instance 'color_regs' input pin tied to constant (din_b[1]=0).
[EFX-0266 WARNING] Module Instance 'color_regs' input pin tied to constant (din_b[2]=0).
[EFX-0266 WARNING] Module Instance 'color_regs' input pin tied to constant (din_b[3]=0).
[EFX-0266 WARNING] Module Instance 'color_regs' input pin tied to constant (din_b[4]=0).
[EFX-0266 WARNING] Module Instance 'color_regs' input pin tied to constant (din_b[5]=0).
[EFX-0266 WARNING] Module Instance 'color_regs' input pin tied to constant (din_b[6]=0).
[EFX-0266 WARNING] Module Instance 'color_regs' input pin tied to constant (din_b[7]=0).
[EFX-0266 WARNING] Module Instance 'color_regs' input pin tied to constant (din_b[8]=0).
[EFX-0266 WARNING] Module Instance 'color_regs' input pin tied to constant (din_b[9]=0).
[EFX-0266 WARNING] Module Instance 'color_regs' input pin tied to constant (din_b[10]=0).
[EFX-0266 WARNING] Module Instance 'color_regs' input pin tied to constant (din_b[11]=0).
[EFX-0266 WARNING] Module Instance 'color_regs' input pin tied to constant (din_b[12]=0).
[EFX-0266 WARNING] Module Instance 'color_regs' input pin tied to constant (din_b[13]=0).
[EFX-0266 WARNING] Module Instance 'color_regs' input pin tied to constant (din_b[14]=0).
[EFX-0266 WARNING] Module Instance 'color_regs' input pin tied to constant (din_b[15]=0).
[EFX-0266 WARNING] Module Instance 'color_regs' input pin tied to constant (din_b[16]=0).
[EFX-0266 WARNING] Module Instance 'color_regs' input pin tied to constant (din_b[17]=0).
[EFX-0266 WARNING] Module Instance 'color_regs' input pin tied to constant (din_b[18]=0).
[EFX-0266 WARNING] Module Instance 'color_regs' input pin tied to constant (din_b[19]=0).
[EFX-0266 WARNING] Module Instance 'color_regs' input pin tied to constant (din_b[20]=0).
[EFX-0266 WARNING] Module Instance 'color_regs' input pin tied to constant (din_b[21]=0).
[EFX-0266 WARNING] Module Instance 'color_regs' input pin tied to constant (din_b[22]=0).
[EFX-0266 WARNING] Module Instance 'color_regs' input pin tied to constant (din_b[23]=0).
[EFX-0266 WARNING] Module Instance 'luma_regs' input pin tied to constant (we_b=0).
[EFX-0266 WARNING] Module Instance 'luma_regs' input pin tied to constant (din_b[0]=0).
[EFX-0266 WARNING] Module Instance 'luma_regs' input pin tied to constant (din_b[1]=0).
[EFX-0266 WARNING] Module Instance 'luma_regs' input pin tied to constant (din_b[2]=0).
[EFX-0266 WARNING] Module Instance 'luma_regs' input pin tied to constant (din_b[3]=0).
[EFX-0266 WARNING] Module Instance 'luma_regs' input pin tied to constant (din_b[4]=0).
[EFX-0266 WARNING] Module Instance 'luma_regs' input pin tied to constant (din_b[5]=0).
[EFX-0266 WARNING] Module Instance 'luma_regs' input pin tied to constant (din_b[6]=0).
[EFX-0266 WARNING] Module Instance 'luma_regs' input pin tied to constant (din_b[7]=0).
[EFX-0266 WARNING] Module Instance 'luma_regs' input pin tied to constant (din_b[8]=0).
[EFX-0266 WARNING] Module Instance 'luma_regs' input pin tied to constant (din_b[9]=0).
[EFX-0266 WARNING] Module Instance 'luma_regs' input pin tied to constant (din_b[10]=0).
[EFX-0266 WARNING] Module Instance 'luma_regs' input pin tied to constant (din_b[11]=0).
[EFX-0266 WARNING] Module Instance 'luma_regs' input pin tied to constant (din_b[12]=0).
[EFX-0266 WARNING] Module Instance 'luma_regs' input pin tied to constant (din_b[13]=0).
[EFX-0266 WARNING] Module Instance 'luma_regs' input pin tied to constant (din_b[14]=0).
[EFX-0266 WARNING] Module Instance 'luma_regs' input pin tied to constant (din_b[15]=0).
[EFX-0266 WARNING] Module Instance 'luma_regs' input pin tied to constant (din_b[16]=0).
[EFX-0266 WARNING] Module Instance 'luma_regs' input pin tied to constant (din_b[17]=0).
[EFX-0266 WARNING] Module Instance 'u_divider' input pin tied to constant (sign=0).
[EFX-0266 WARNING] Module Instance 's_divider' input pin tied to constant (sign=1).
[EFX-0682 WARNING] Read/Write Port sizes (12w,17r) on ram-net 'sprite_pixels_shifting' cannot be packed in blockram and will be blasted into logic. (/shared/Vivado/vicii-kawari/hdl/sprites.v:124)
[EFX-0682 WARNING] Read/Write Port sizes (8w,8r) on ram-net 'sprite_x_d' cannot be packed in blockram and will be blasted into logic. (/shared/Vivado/vicii-kawari/hdl/sprites.v:130)
[EFX-0682 WARNING] Read/Write Port sizes (8w,8r) on ram-net 'sprite_x_d2' cannot be packed in blockram and will be blasted into logic. (/shared/Vivado/vicii-kawari/hdl/sprites.v:131)
[EFX-0682 WARNING] Read/Write Port sizes (12w,17r) on ram-net 'vic_sprites/sprite_pixels_shifting' cannot be packed in blockram and will be blasted into logic. (/shared/Vivado/vicii-kawari/hdl/sprites.v:124)
[EFX-0682 WARNING] Read/Write Port sizes (8w,8r) on ram-net 'vic_sprites/sprite_x_d' cannot be packed in blockram and will be blasted into logic. (/shared/Vivado/vicii-kawari/hdl/sprites.v:130)
[EFX-0682 WARNING] Read/Write Port sizes (8w,8r) on ram-net 'vic_sprites/sprite_x_d2' cannot be packed in blockram and will be blasted into logic. (/shared/Vivado/vicii-kawari/hdl/sprites.v:131)
[EFX-0682 WARNING] Read/Write Port sizes (12w,17r) on ram-net 'vic_inst/vic_sprites/sprite_pixels_shifting' cannot be packed in blockram and will be blasted into logic. (/shared/Vivado/vicii-kawari/hdl/sprites.v:124)
[EFX-0682 WARNING] Read/Write Port sizes (8w,8r) on ram-net 'vic_inst/vic_sprites/sprite_x_d' cannot be packed in blockram and will be blasted into logic. (/shared/Vivado/vicii-kawari/hdl/sprites.v:130)
[EFX-0682 WARNING] Read/Write Port sizes (8w,8r) on ram-net 'vic_inst/vic_sprites/sprite_x_d2' cannot be packed in blockram and will be blasted into logic. (/shared/Vivado/vicii-kawari/hdl/sprites.v:131)
[EFX-0655 WARNING] Mapping into logic memory block 'vic_inst/vic_sprites/sprite_cur_pixel1'. (/shared/Vivado/vicii-kawari/hdl/sprites.v:109)
[EFX-0655 WARNING] Mapping into logic memory block 'vic_inst/vic_sprites/sprite_cur_pixel2'. (/shared/Vivado/vicii-kawari/hdl/sprites.v:110)
[EFX-0655 WARNING] Mapping into logic memory block 'vic_inst/vic_sprites/sprite_cur_pixel3'. (/shared/Vivado/vicii-kawari/hdl/sprites.v:111)
[EFX-0655 WARNING] Mapping into logic memory block 'vic_inst/vic_sprites/sprite_cur_pixel4'. (/shared/Vivado/vicii-kawari/hdl/sprites.v:112)
[EFX-0655 WARNING] Mapping into logic memory block 'vic_inst/vic_sprites/sprite_cur_pixel5'. (/shared/Vivado/vicii-kawari/hdl/sprites.v:113)
[EFX-0655 WARNING] Mapping into logic memory block 'vic_inst/vic_sprites/sprite_cur_pixel6'. (/shared/Vivado/vicii-kawari/hdl/sprites.v:114)
[EFX-0655 WARNING] Mapping into logic memory block 'vic_inst/vic_sprites/sprite_mcbase'. (/shared/Vivado/vicii-kawari/hdl/sprites.v:117)
[EFX-0655 WARNING] Mapping into logic memory block 'vic_inst/vic_sprites/sprite_xe_ff'. (/shared/Vivado/vicii-kawari/hdl/sprites.v:118)
[EFX-0655 WARNING] Mapping into logic memory block 'vic_inst/vic_sprites/sprite_ye_ff'. (/shared/Vivado/vicii-kawari/hdl/sprites.v:119)
[EFX-0655 WARNING] Mapping into logic memory block 'vic_inst/vic_sprites/sprite_pixels_shifting'. (/shared/Vivado/vicii-kawari/hdl/sprites.v:124)
[EFX-0655 WARNING] Mapping into logic memory block 'vic_inst/vic_sprites/sprite_x_d'. (/shared/Vivado/vicii-kawari/hdl/sprites.v:130)
[EFX-0655 WARNING] Mapping into logic memory block 'vic_inst/vic_sprites/sprite_x_d2'. (/shared/Vivado/vicii-kawari/hdl/sprites.v:131)
[EFX-0655 WARNING] Mapping into logic memory block 'vic_inst/vic_pixel_sequencer/sprite_col_d1'. (/shared/Vivado/vicii-kawari/hdl/pixel_sequencer.v:102)
[EFX-0655 WARNING] Mapping into logic memory block 'vic_inst/vic_pixel_sequencer/sprite_col_d2'. (/shared/Vivado/vicii-kawari/hdl/pixel_sequencer.v:103)
[EFX-0011 VERI-WARNING] Input/Inout Port clk_col4x_ntsc is unconnected and will be removed 
[EFX-0011 VERI-WARNING] Input/Inout Port clk_col4x_pal is unconnected and will be removed 
